<?xml version="1.0" encoding="UTF-8"?>
<testsuite name="Tests" tests="2" errors="0" failures="1" skipped="0" time="1.801" timestamp="2025-07-31T18:26:25.832311">
<testsuite name="BrowserTest" tests="1" errors="0" failures="0" skipped="0" time="1.643" timestamp="2025-07-31T18:26:25.847679">
<testcase classname="Tests.BrowserTest" name="Browser Test" time="1.482">
</testcase>
</testsuite>
<testsuite name="RequestsTest" tests="1" errors="0" failures="1" skipped="0" time="0.138" timestamp="2025-07-31T18:26:27.494950">
<testcase classname="Tests.RequestsTest" name="Google Test" time="0.057">
<failure message="None shall pass!" type="AssertionError"/>
</testcase>
</testsuite>
</testsuite>
