<?xml version="1.0" encoding="UTF-8"?>
<robot generator="Robot 7.2.2 (Python 3.12.8 on darwin)" generated="2025-05-26T19:50:16.575975" rpa="false" schemaversion="5">
<suite id="s1" name="Tests" source="/Users/kelbystine/GitHub/building-test-project-tutorial/Tests">
<suite id="s1-s1" name="REST" source="/Users/kelbystine/GitHub/building-test-project-tutorial/Tests/REST">
<suite id="s1-s1-s1" name="ContactMessageTest" source="/Users/kelbystine/GitHub/building-test-project-tutorial/Tests/REST/ContactMessageTest.robot">
<test id="s1-s1-s1-t1" name="Verify Admin Can Read Message" line="22">
<kw name="Test Setup" type="SETUP">
<kw name="Create RB Session" owner="Session">
<kw name="Session Exists" owner="RequestsLibrary">
<msg time="2025-05-26T19:50:16.635749" level="INFO">${is_session} = False</msg>
<var>${is_session}</var>
<arg>${alias}</arg>
<doc>Return True if the session has been already created</doc>
<status status="PASS" start="2025-05-26T19:50:16.635684" elapsed="0.000079"/>
</kw>
<if>
<branch type="IF" condition="${is_session}">
<kw name="Log" owner="BuiltIn">
<arg>Session ${alias} exists.</arg>
<arg>CONSOLE</arg>
<doc>Logs the given message with the given level.</doc>
<status status="NOT RUN" start="2025-05-26T19:50:16.635853" elapsed="0.000007"/>
</kw>
<status status="NOT RUN" start="2025-05-26T19:50:16.635803" elapsed="0.000070"/>
</branch>
<branch type="ELSE">
<kw name="Log" owner="BuiltIn">
<msg time="2025-05-26T19:50:16.635976" level="INFO">Creating session message-alias.</msg>
<arg>Creating session ${alias}.</arg>
<arg>CONSOLE</arg>
<doc>Logs the given message with the given level.</doc>
<status status="PASS" start="2025-05-26T19:50:16.635914" elapsed="0.000082"/>
</kw>
<if>
<branch type="IF" condition="$url is None">
<variable name="${url}">
<msg time="2025-05-26T19:50:16.636117" level="INFO">${url} = https://automationintesting.online</msg>
<var>${BOOKING_URL}</var>
<status status="PASS" start="2025-05-26T19:50:16.636083" elapsed="0.000043"/>
</variable>
<status status="PASS" start="2025-05-26T19:50:16.636023" elapsed="0.000115"/>
</branch>
<status status="PASS" start="2025-05-26T19:50:16.636017" elapsed="0.000130"/>
</if>
<kw name="Create Session" owner="RequestsLibrary">
<msg time="2025-05-26T19:50:16.636298" level="INFO">Creating Session using : alias=message-alias, url=https://automationintesting.online, headers={'Accept': 'application/json', 'Content-Type': 'application/json'},                     cookies={}, auth=None, timeout=None, proxies=None, verify=False,                     debug=0 </msg>
<arg>alias=${alias}</arg>
<arg>url=${url}</arg>
<arg>headers=${headers}</arg>
<arg>disable_warnings=${TRUE}</arg>
<doc>Create Session: create a HTTP session to a server</doc>
<status status="PASS" start="2025-05-26T19:50:16.636181" elapsed="0.000193"/>
</kw>
<status status="PASS" start="2025-05-26T19:50:16.635884" elapsed="0.000505"/>
</branch>
<status status="PASS" start="2025-05-26T19:50:16.635793" elapsed="0.000604"/>
</if>
<arg>${MESSAGE_ALIAS}</arg>
<status status="PASS" start="2025-05-26T19:50:16.635454" elapsed="0.000962"/>
</kw>
<kw name="Create RB Session" owner="Session">
<kw name="Session Exists" owner="RequestsLibrary">
<msg time="2025-05-26T19:50:16.636623" level="INFO">${is_session} = True</msg>
<var>${is_session}</var>
<arg>${alias}</arg>
<doc>Return True if the session has been already created</doc>
<status status="PASS" start="2025-05-26T19:50:16.636581" elapsed="0.000050"/>
</kw>
<if>
<branch type="IF" condition="${is_session}">
<kw name="Log" owner="BuiltIn">
<msg time="2025-05-26T19:50:16.636734" level="INFO">Session message-alias exists.</msg>
<arg>Session ${alias} exists.</arg>
<arg>CONSOLE</arg>
<doc>Logs the given message with the given level.</doc>
<status status="PASS" start="2025-05-26T19:50:16.636686" elapsed="0.000064"/>
</kw>
<status status="PASS" start="2025-05-26T19:50:16.636650" elapsed="0.000115"/>
</branch>
<branch type="ELSE">
<kw name="Log" owner="BuiltIn">
<arg>Creating session ${alias}.</arg>
<arg>CONSOLE</arg>
<doc>Logs the given message with the given level.</doc>
<status status="NOT RUN" start="2025-05-26T19:50:16.636810" elapsed="0.000006"/>
</kw>
<if>
<branch type="IF" condition="$url is None">
<variable name="${url}">
<var>${BOOKING_URL}</var>
<status status="NOT RUN" start="2025-05-26T19:50:16.636848" elapsed="0.000006"/>
</variable>
<status status="NOT RUN" start="2025-05-26T19:50:16.636837" elapsed="0.000027"/>
</branch>
<status status="NOT RUN" start="2025-05-26T19:50:16.636832" elapsed="0.000040"/>
</if>
<kw name="Create Session" owner="RequestsLibrary">
<arg>alias=${alias}</arg>
<arg>url=${url}</arg>
<arg>headers=${headers}</arg>
<arg>disable_warnings=${TRUE}</arg>
<doc>Create Session: create a HTTP session to a server</doc>
<status status="NOT RUN" start="2025-05-26T19:50:16.636903" elapsed="0.000005"/>
</kw>
<status status="NOT RUN" start="2025-05-26T19:50:16.636777" elapsed="0.000142"/>
</branch>
<status status="PASS" start="2025-05-26T19:50:16.636645" elapsed="0.000280"/>
</if>
<arg>${MESSAGE_ALIAS}</arg>
<status status="PASS" start="2025-05-26T19:50:16.636486" elapsed="0.000457"/>
</kw>
<kw name="Post Request To Message Endpoint" owner="Messages">
<variable name="${url}">
<msg time="2025-05-26T19:50:16.637243" level="INFO">${url} = api/message/</msg>
<var>${RB_REST_API}/${RB_REST_EXT.MESSAGE}/</var>
<status status="PASS" start="2025-05-26T19:50:16.637074" elapsed="0.000177"/>
</variable>
<kw name="POST On Session" owner="RequestsLibrary">
<msg time="2025-05-26T19:50:17.270049" level="INFO">POST Request : url=https://automationintesting.online/api/message/ (redirected) 
 path_url=/api/message/ 
 headers={'User-Agent': 'python-requests/2.32.3', 'Accept-Encoding': 'gzip, deflate', 'Accept': 'application/json', 'Connection': 'keep-alive', 'Content-Type': 'application/json', 'Content-Length': '125'} 
 body=b'{"name": "sdf", "email": "sdf@sdf.sdf", "phone": "sdfsdfsdfsdf", "subject": "sdfsdf", "description": "sdfsdfsdfsdfsdfsdfsdf"}' 
 </msg>
<msg time="2025-05-26T19:50:17.270431" level="INFO">POST Response : url=https://automationintesting.online/api/message 
 status=200, reason=OK 
 headers={'Date': 'Tue, 27 May 2025 00:50:17 GMT', 'Content-Type': 'application/json', 'Transfer-Encoding': 'chunked', 'Connection': 'keep-alive', 'Report-To': '{"group":"cf-nel","max_age":604800,"endpoints":[{"url":"https://a.nel.cloudflare.com/report/v4?s=nV%2BFnCfC2ncj8p0ke%2BBBNahsvg%2BnUS4ioY3VeuT0vnVE5rBLuZ1pSIahmqjomdy0I%2B1GG%2FaEpNp3bM35NCrqk%2BtgBpRGzF0GIrZ5gTOX5rqht6%2BCYgsEsUO7"}]}', 'Nel': '{"report_to":"cf-nel","success_fraction":0.0,"max_age":604800}', 'Cf-Cache-Status': 'DYNAMIC', 'Content-Encoding': 'gzip', 'Server': 'cloudflare', 'CF-RAY': '946184692904e1b4-ORD', 'alt-svc': 'h3=":443"; ma=86400'} 
 body={"success":true} 
 </msg>
<msg time="2025-05-26T19:50:17.270809" level="INFO">${response} = &lt;Response [200]&gt;</msg>
<var>${response}</var>
<arg>${alias}</arg>
<arg>${url}</arg>
<arg>json=${json}</arg>
<doc>Sends a POST request on a previously created HTTP Session.</doc>
<status status="PASS" start="2025-05-26T19:50:16.637283" elapsed="0.633591"/>
</kw>
<return>
<value>${response}</value>
<status status="PASS" start="2025-05-26T19:50:17.271095" elapsed="0.000177"/>
</return>
<arg>${MESSAGE_ALIAS}</arg>
<arg>json=${MESSAGE_BODY}</arg>
<status status="PASS" start="2025-05-26T19:50:16.636990" elapsed="0.634595"/>
</kw>
<kw name="Get Token From Authentication Endpoint" owner="RestfulBookerRestApi">
<kw name="Post On Session To Authentication Endpoint" owner="Authentication">
<variable name="${url}">
<msg time="2025-05-26T19:50:17.274527" level="INFO">${url} = api/auth/login</msg>
<var>${RB_REST_API}/${RB_REST_EXT.AUTH}</var>
<status status="PASS" start="2025-05-26T19:50:17.273449" elapsed="0.001129"/>
</variable>
<variable name="&amp;{json}">
<msg time="2025-05-26T19:50:17.274972" level="INFO">&amp;{json} = { username=admin | password=password }</msg>
<var>username=${username}</var>
<var>password=${password}</var>
<status status="PASS" start="2025-05-26T19:50:17.274669" elapsed="0.000347"/>
</variable>
<kw name="POST On Session" owner="RequestsLibrary">
<msg time="2025-05-26T19:50:17.440132" level="INFO">POST Request : url=https://automationintesting.online/api/auth/login 
 path_url=/api/auth/login 
 headers={'User-Agent': 'python-requests/2.32.3', 'Accept-Encoding': 'gzip, deflate', 'Accept': 'application/json', 'Connection': 'keep-alive', 'Content-Type': 'application/json', 'Content-Length': '45'} 
 body=b'{"username": "admin", "password": "password"}' 
 </msg>
<msg time="2025-05-26T19:50:17.440263" level="INFO">POST Response : url=https://automationintesting.online/api/auth/login 
 status=200, reason=OK 
 headers={'Date': 'Tue, 27 May 2025 00:50:17 GMT', 'Content-Type': 'application/json', 'Transfer-Encoding': 'chunked', 'Connection': 'keep-alive', 'Report-To': '{"group":"cf-nel","max_age":604800,"endpoints":[{"url":"https://a.nel.cloudflare.com/report/v4?s=mQRDTC457o997JLalavnGZwFn48G1VlgnPGAXgSUSBmo2utJVAIPnuy38aGmTB6O%2FzIwL1lm%2F8u%2BvrWuvFr4ZCWAgVAmhIsRubs8kqFk%2BkPKqjRlDeYA7FOf"}]}', 'Nel': '{"report_to":"cf-nel","success_fraction":0.0,"max_age":604800}', 'Cf-Cache-Status': 'DYNAMIC', 'Content-Encoding': 'gzip', 'Server': 'cloudflare', 'CF-RAY': '9461846a3bfde1b4-ORD', 'alt-svc': 'h3=":443"; ma=86400'} 
 body={"token":"p1tleFQqvoMmSeGt"} 
 </msg>
<msg time="2025-05-26T19:50:17.440326" level="INFO">${response} = &lt;Response [200]&gt;</msg>
<var>${response}</var>
<arg>${alias}</arg>
<arg>${url}</arg>
<arg>json=${json}</arg>
<doc>Sends a POST request on a previously created HTTP Session.</doc>
<status status="PASS" start="2025-05-26T19:50:17.275303" elapsed="0.165035"/>
</kw>
<return>
<value>${response}</value>
<status status="PASS" start="2025-05-26T19:50:17.440381" elapsed="0.000028"/>
</return>
<msg time="2025-05-26T19:50:17.440474" level="INFO">${response} = &lt;Response [200]&gt;</msg>
<var>${response}</var>
<arg>${alias}</arg>
<arg>${username}</arg>
<arg>${password}</arg>
<status status="PASS" start="2025-05-26T19:50:17.272996" elapsed="0.167488"/>
</kw>
<kw name="Get Token Cookie From Response" owner="Authentication">
<try>
<branch type="TRY">
<variable name="${cookie_dict}">
<msg time="2025-05-26T19:50:17.441011" level="INFO">${cookie_dict} = {'token': 'p1tleFQqvoMmSeGt'}</msg>
<var>${response.json()}</var>
<status status="PASS" start="2025-05-26T19:50:17.440764" elapsed="0.000261"/>
</variable>
<status status="PASS" start="2025-05-26T19:50:17.440745" elapsed="0.000297"/>
</branch>
<branch type="EXCEPT" assign="${error}">
<kw name="Log" owner="BuiltIn">
<arg>${error}</arg>
<arg>ERROR</arg>
<doc>Logs the given message with the given level.</doc>
<status status="NOT RUN" start="2025-05-26T19:50:17.441113" elapsed="0.000008"/>
</kw>
<variable name="${cookie_dict}">
<var>token=${NONE}</var>
<status status="NOT RUN" start="2025-05-26T19:50:17.441140" elapsed="0.000007"/>
</variable>
<status status="NOT RUN" start="2025-05-26T19:50:17.441061" elapsed="0.000096"/>
</branch>
<status status="PASS" start="2025-05-26T19:50:17.440723" elapsed="0.000447"/>
</try>
<return>
<value>${cookie_dict}</value>
<status status="PASS" start="2025-05-26T19:50:17.441183" elapsed="0.000011"/>
</return>
<msg time="2025-05-26T19:50:17.441243" level="INFO">${token_cookie} = {'token': 'p1tleFQqvoMmSeGt'}</msg>
<var>${token_cookie}</var>
<arg>${response}</arg>
<status status="PASS" start="2025-05-26T19:50:17.440611" elapsed="0.000641"/>
</kw>
<return>
<value>${token_cookie}</value>
<status status="PASS" start="2025-05-26T19:50:17.441267" elapsed="0.000009"/>
</return>
<msg time="2025-05-26T19:50:17.441318" level="INFO">${token_cookie} = {'token': 'p1tleFQqvoMmSeGt'}</msg>
<var>${token_cookie}</var>
<arg>${MESSAGE_ALIAS}</arg>
<arg>&amp;{ADMIN_CREDENTIALS}</arg>
<status status="PASS" start="2025-05-26T19:50:17.272096" elapsed="0.169231"/>
</kw>
<kw name="Update RB Session" owner="Session">
<kw name="Update Session" owner="RequestsLibrary">
<arg>alias=${alias}</arg>
<arg>cookies=${cookies}</arg>
<arg>headers=${headers}</arg>
<doc>Updates HTTP Session Headers and Cookies.</doc>
<status status="PASS" start="2025-05-26T19:50:17.441545" elapsed="0.000192"/>
</kw>
<arg>alias=${MESSAGE_ALIAS}</arg>
<arg>cookies=${token_cookie}</arg>
<status status="PASS" start="2025-05-26T19:50:17.441381" elapsed="0.000383"/>
</kw>
<status status="PASS" start="2025-05-26T19:50:16.635228" elapsed="0.806556"/>
</kw>
<kw name="Get False Reads From Message Endpoint" owner="RestfulBookerRestApi">
<kw name="Get Request From Message Endpoint" owner="Messages">
<variable name="${url}">
<msg time="2025-05-26T19:50:17.442285" level="INFO">${url} = api/message/</msg>
<var>${RB_REST_API}/${RB_REST_EXT.MESSAGE}/</var>
<status status="PASS" start="2025-05-26T19:50:17.442089" elapsed="0.000207"/>
</variable>
<kw name="GET On Session" owner="RequestsLibrary">
<msg time="2025-05-26T19:50:17.752308" level="INFO">GET Request : url=https://automationintesting.online/api/message/ (redirected) 
 path_url=/api/message/ 
 headers={'User-Agent': 'python-requests/2.32.3', 'Accept-Encoding': 'gzip, deflate', 'Accept': 'application/json', 'Connection': 'keep-alive', 'Content-Type': 'application/json', 'Cookie': 'token=p1tleFQqvoMmSeGt'} 
 body=None 
 </msg>
<msg time="2025-05-26T19:50:17.752540" level="INFO">GET Response : url=https://automationintesting.online/api/message 
 status=200, reason=OK 
 headers={'Date': 'Tue, 27 May 2025 00:50:17 GMT', 'Content-Type': 'application/json', 'Transfer-Encoding': 'chunked', 'Connection': 'keep-alive', 'Report-To': '{"group":"cf-nel","max_age":604800,"endpoints":[{"url":"https://a.nel.cloudflare.com/report/v4?s=yUagwfsB6S5R0nixB%2BQtAndQf6ZoRhIqwdR1c4mn63nKPf%2FDP%2Fj8Bu937Cf04dsmV82usAyRRkZg67sXP55d2kqa9QA3Zdi3MZpsl9yTqYgwCAhLj3uWsI5E"}]}', 'Nel': '{"report_to":"cf-nel","success_fraction":0.0,"max_age":604800}', 'Cf-Cache-Status': 'DYNAMIC', 'Content-Encoding': 'gzip', 'Server': 'cloudflare', 'CF-RAY': '9461846c2933e1b4-ORD', 'alt-svc': 'h3=":443"; ma=86400'} 
 body={"messages":[{"id":1,"name":"James Dean","subject":"Booking enquiry","read":false},{"id":2,"name":"John Doe","subject":"Test Subject","read":true},{"id":3,"name":"John Doe","subject":"Test Subject","read":false},{"id":4,"name":"John Doe","subject":"Test Subject","read":false},{"id":5,"name":"John Doe","subject":"Test Subject","read":false},{"id":6,"name":"John Doe","subject":"Test Subject","read":false},{"id":7,"name":"John Doe","subject":"Test Subject","read":false},{"id":8,"name":"John Doe","subject":"You have a new booking!","read":false},{"id":9,"name":"sdf","subject":"sdfsdf","read":false},{"id":10,"name":"Bob Builder","subject":"Building things","read":false},{"id":11,"name":"sdf","subject":"sdfsdf","read":false}]} 
 </msg>
<msg time="2025-05-26T19:50:17.752885" level="INFO">${response} = &lt;Response [200]&gt;</msg>
<var>${response}</var>
<arg>${alias}</arg>
<arg>url=${url}</arg>
<doc>Sends a GET request on a previously created HTTP Session.</doc>
<status status="PASS" start="2025-05-26T19:50:17.442340" elapsed="0.310601"/>
</kw>
<return>
<value>${response}</value>
<status status="PASS" start="2025-05-26T19:50:17.753112" elapsed="0.000118"/>
</return>
<msg time="2025-05-26T19:50:17.753524" level="INFO">${response} = &lt;Response [200]&gt;</msg>
<var>${response}</var>
<arg>${alias}</arg>
<status status="PASS" start="2025-05-26T19:50:17.442021" elapsed="0.311547"/>
</kw>
<kw name="Get False Reads From Message Response" owner="Messages">
<kw name="Get From Dictionary" owner="Collections">
<msg time="2025-05-26T19:50:17.755833" level="INFO">${messages} = [{'id': 1, 'name': 'James Dean', 'subject': 'Booking enquiry', 'read': False}, {'id': 2, 'name': 'John Doe', 'subject': 'Test Subject', 'read': True}, {'id': 3, 'name': 'John Doe', 'subject': 'Test Su...</msg>
<var>${messages}</var>
<arg>${response.json()}</arg>
<arg>messages</arg>
<arg>${NONE}</arg>
<doc>Returns a value from the given ``dictionary`` based on the given ``key``.</doc>
<status status="PASS" start="2025-05-26T19:50:17.754528" elapsed="0.001339"/>
</kw>
<kw name="Evaluate" owner="BuiltIn">
<msg time="2025-05-26T19:50:17.756437" level="INFO">${false_reads} = [{'id': 1, 'name': 'James Dean', 'subject': 'Booking enquiry', 'read': False}, {'id': 3, 'name': 'John Doe', 'subject': 'Test Subject', 'read': False}, {'id': 4, 'name': 'John Doe', 'subject': 'Test S...</msg>
<var>${false_reads}</var>
<arg>[message for message in $messages if message['read'] == False]</arg>
<doc>Evaluates the given expression in Python and returns the result.</doc>
<status status="PASS" start="2025-05-26T19:50:17.756034" elapsed="0.000599"/>
</kw>
<return>
<value>${false_reads}</value>
<status status="PASS" start="2025-05-26T19:50:17.756682" elapsed="0.000037"/>
</return>
<msg time="2025-05-26T19:50:17.756835" level="INFO">${false_reads} = [{'id': 1, 'name': 'James Dean', 'subject': 'Booking enquiry', 'read': False}, {'id': 3, 'name': 'John Doe', 'subject': 'Test Subject', 'read': False}, {'id': 4, 'name': 'John Doe', 'subject': 'Test S...</msg>
<var>${false_reads}</var>
<arg>${response}</arg>
<status status="PASS" start="2025-05-26T19:50:17.754031" elapsed="0.002823"/>
</kw>
<return>
<value>${false_reads}</value>
<status status="PASS" start="2025-05-26T19:50:17.756885" elapsed="0.000021"/>
</return>
<msg time="2025-05-26T19:50:17.757009" level="INFO">${before_false_reads} = [{'id': 1, 'name': 'James Dean', 'subject': 'Booking enquiry', 'read': False}, {'id': 3, 'name': 'John Doe', 'subject': 'Test Subject', 'read': False}, {'id': 4, 'name': 'John Doe', 'subject': 'Test S...</msg>
<var>${before_false_reads}</var>
<arg>${MESSAGE_ALIAS}</arg>
<status status="PASS" start="2025-05-26T19:50:17.441888" elapsed="0.315139"/>
</kw>
<kw name="Get Id Of Second False Read" owner="Messages">
<try>
<branch type="TRY">
<kw name="Get From List" owner="Collections">
<msg time="2025-05-26T19:50:17.757915" level="INFO">${false_read} = {'id': 3, 'name': 'John Doe', 'subject': 'Test Subject', 'read': False}</msg>
<var>${false_read}</var>
<arg>${false_reads}</arg>
<arg>1</arg>
<doc>Returns the value specified with an ``index`` from ``list``.</doc>
<status status="PASS" start="2025-05-26T19:50:17.757787" elapsed="0.000148"/>
</kw>
<kw name="Get From Dictionary" owner="Collections">
<msg time="2025-05-26T19:50:17.758184" level="INFO">${id} = 3</msg>
<var>${id}</var>
<arg>${false_read}</arg>
<arg>id</arg>
<arg>${NONE}</arg>
<doc>Returns a value from the given ``dictionary`` based on the given ``key``.</doc>
<status status="PASS" start="2025-05-26T19:50:17.758022" elapsed="0.000177"/>
</kw>
<status status="PASS" start="2025-05-26T19:50:17.757692" elapsed="0.000536"/>
</branch>
<branch type="EXCEPT" assign="${error}">
<kw name="Log" owner="BuiltIn">
<arg>${error}</arg>
<arg>ERROR</arg>
<doc>Logs the given message with the given level.</doc>
<status status="NOT RUN" start="2025-05-26T19:50:17.758345" elapsed="0.000013"/>
</kw>
<variable name="${id}">
<var>${NONE}</var>
<status status="NOT RUN" start="2025-05-26T19:50:17.758397" elapsed="0.000020"/>
</variable>
<status status="NOT RUN" start="2025-05-26T19:50:17.758271" elapsed="0.000171"/>
</branch>
<status status="PASS" start="2025-05-26T19:50:17.757642" elapsed="0.000826"/>
</try>
<return>
<value>${id}</value>
<status status="PASS" start="2025-05-26T19:50:17.758500" elapsed="0.000022"/>
</return>
<msg time="2025-05-26T19:50:17.758595" level="INFO">${id} = 3</msg>
<var>${id}</var>
<arg>${before_false_reads}</arg>
<status status="PASS" start="2025-05-26T19:50:17.757394" elapsed="0.001216"/>
</kw>
<kw name="Get Count Body From Count Endpoint" owner="RestfulBookerRestApi">
<kw name="Get Request From Message Count Endpoint" owner="Messages">
<variable name="${url}">
<msg time="2025-05-26T19:50:17.759585" level="INFO">${url} = api/message/count</msg>
<var>${RB_REST_API}/${RB_REST_EXT.MESSAGE_COUNT}</var>
<status status="PASS" start="2025-05-26T19:50:17.759175" elapsed="0.000429"/>
</variable>
<kw name="GET On Session" owner="RequestsLibrary">
<msg time="2025-05-26T19:50:17.917311" level="INFO">GET Request : url=https://automationintesting.online/api/message/count 
 path_url=/api/message/count 
 headers={'User-Agent': 'python-requests/2.32.3', 'Accept-Encoding': 'gzip, deflate', 'Accept': 'application/json', 'Connection': 'keep-alive', 'Content-Type': 'application/json', 'Cookie': 'token=p1tleFQqvoMmSeGt'} 
 body=None 
 </msg>
<msg time="2025-05-26T19:50:17.917557" level="INFO">GET Response : url=https://automationintesting.online/api/message/count 
 status=200, reason=OK 
 headers={'Date': 'Tue, 27 May 2025 00:50:17 GMT', 'Content-Type': 'application/json', 'Transfer-Encoding': 'chunked', 'Connection': 'keep-alive', 'Report-To': '{"group":"cf-nel","max_age":604800,"endpoints":[{"url":"https://a.nel.cloudflare.com/report/v4?s=3lXF2QUSC%2BdJgPQJSe4HQgei4vM8eeN3mptoWLIxxC10ikrXxr7Hc89v82yGQhIq31B9HUqUR8PYQnVf3gGZMtg3Msr33pIhGbjeSKLT61aw8zldT%2FxhRR7C"}]}', 'Nel': '{"report_to":"cf-nel","success_fraction":0.0,"max_age":604800}', 'Cf-Cache-Status': 'DYNAMIC', 'Content-Encoding': 'gzip', 'Server': 'cloudflare', 'CF-RAY': '9461846d2be5e1b4-ORD', 'alt-svc': 'h3=":443"; ma=86400'} 
 body={"count":10,"debug":{"rawResponse":"{\"count\":10}","headers":{"connection":"keep-alive","content-type":"application/json","date":"Tue, 27 May 2025 00:50:17 GMT","keep-alive":"timeout=60","transfer-encoding":"chunked"},"url":"http://rbp-message:3006"}} 
 </msg>
<msg time="2025-05-26T19:50:17.917851" level="INFO">${response} = &lt;Response [200]&gt;</msg>
<var>${response}</var>
<arg>${alias}</arg>
<arg>url=${url}</arg>
<doc>Sends a GET request on a previously created HTTP Session.</doc>
<status status="PASS" start="2025-05-26T19:50:17.759684" elapsed="0.158220"/>
</kw>
<return>
<value>${response}</value>
<status status="PASS" start="2025-05-26T19:50:17.918066" elapsed="0.000111"/>
</return>
<msg time="2025-05-26T19:50:17.918454" level="INFO">${response} = &lt;Response [200]&gt;</msg>
<var>${response}</var>
<arg>${alias}</arg>
<status status="PASS" start="2025-05-26T19:50:17.759057" elapsed="0.159439"/>
</kw>
<return>
<value>${response.json()}</value>
<status status="PASS" start="2025-05-26T19:50:17.918579" elapsed="0.000049"/>
</return>
<msg time="2025-05-26T19:50:17.919818" level="INFO">${before_count} = {'count': 10, 'debug': {'rawResponse': '{"count":10}', 'headers': {'connection': 'keep-alive', 'content-type': 'application/json', 'date': 'Tue, 27 May 2025 00:50:17 GMT', 'keep-alive': 'timeout=60', ...</msg>
<var>${before_count}</var>
<arg>${MESSAGE_ALIAS}</arg>
<status status="PASS" start="2025-05-26T19:50:17.758794" elapsed="0.161076"/>
</kw>
<kw name="Put Request To Read Message Endpoint" owner="Messages">
<variable name="${url}">
<msg time="2025-05-26T19:50:17.921989" level="INFO">${url} = api/message/3/read</msg>
<var>${RB_REST_API}/${RB_REST_EXT.MESSAGE}/${id}/${RB_REST_EXT.READ}</var>
<status status="PASS" start="2025-05-26T19:50:17.920735" elapsed="0.001285"/>
</variable>
<variable name="&amp;{INCLUDE_CREDENTIALS}">
<msg time="2025-05-26T19:50:17.922208" level="INFO">&amp;{INCLUDE_CREDENTIALS} = { success=True }</msg>
<var>success=${TRUE}</var>
<status status="PASS" start="2025-05-26T19:50:17.922072" elapsed="0.000155"/>
</variable>
<kw name="PUT On Session" owner="RequestsLibrary">
<msg time="2025-05-26T19:50:18.108885" level="INFO">PUT Request : url=https://automationintesting.online/api/message/3/read 
 path_url=/api/message/3/read 
 headers={'User-Agent': 'python-requests/2.32.3', 'Accept-Encoding': 'gzip, deflate', 'Accept': 'application/json', 'Connection': 'keep-alive', 'Content-Type': 'application/json', 'Cookie': 'token=p1tleFQqvoMmSeGt', 'Content-Length': '17'} 
 body=b'{"success": true}' 
 </msg>
<msg time="2025-05-26T19:50:18.109099" level="INFO">PUT Response : url=https://automationintesting.online/api/message/3/read 
 status=200, reason=OK 
 headers={'Date': 'Tue, 27 May 2025 00:50:18 GMT', 'Content-Type': 'application/json', 'Transfer-Encoding': 'chunked', 'Connection': 'keep-alive', 'Report-To': '{"group":"cf-nel","max_age":604800,"endpoints":[{"url":"https://a.nel.cloudflare.com/report/v4?s=kJhO52jdo5hjH1TkXpd7Xd0dOpMtMH75vY8fG98AWthsaPuIhRb3NjdVDxNLRkJ0GvO4y3s5jbKp50snTQ7x2204GbieHCCbBnng3qT%2BN5F%2BQ3v5ZTzK6idU"}]}', 'Nel': '{"report_to":"cf-nel","success_fraction":0.0,"max_age":604800}', 'Cf-Cache-Status': 'DYNAMIC', 'Content-Encoding': 'gzip', 'Server': 'cloudflare', 'CF-RAY': '9461846e4f34e1b4-ORD', 'alt-svc': 'h3=":443"; ma=86400'} 
 body={"success":true} 
 </msg>
<msg time="2025-05-26T19:50:18.109415" level="INFO">${response} = &lt;Response [200]&gt;</msg>
<var>${response}</var>
<arg>${alias}</arg>
<arg>url=${url}</arg>
<arg>json=${INCLUDE_CREDENTIALS}</arg>
<doc>Sends a PUT request on a previously created HTTP Session.</doc>
<status status="PASS" start="2025-05-26T19:50:17.922363" elapsed="0.187313"/>
</kw>
<return>
<value>${response}</value>
<status status="PASS" start="2025-05-26T19:50:18.109860" elapsed="0.000122"/>
</return>
<arg>${MESSAGE_ALIAS}</arg>
<arg>${id}</arg>
<status status="PASS" start="2025-05-26T19:50:17.920402" elapsed="0.189834"/>
</kw>
<kw name="Get Request From One Message Endpoint" owner="Messages">
<variable name="${url}">
<msg time="2025-05-26T19:50:18.113359" level="INFO">${url} = api/message/3</msg>
<var>${RB_REST_API}/${RB_REST_EXT.MESSAGE}/${id}</var>
<status status="PASS" start="2025-05-26T19:50:18.111885" elapsed="0.001523"/>
</variable>
<kw name="GET On Session" owner="RequestsLibrary">
<msg time="2025-05-26T19:50:18.272769" level="INFO">GET Request : url=https://automationintesting.online/api/message/3 
 path_url=/api/message/3 
 headers={'User-Agent': 'python-requests/2.32.3', 'Accept-Encoding': 'gzip, deflate', 'Accept': 'application/json', 'Connection': 'keep-alive', 'Content-Type': 'application/json', 'Cookie': 'token=p1tleFQqvoMmSeGt'} 
 body=None 
 </msg>
<msg time="2025-05-26T19:50:18.272857" level="INFO">GET Response : url=https://automationintesting.online/api/message/3 
 status=200, reason=OK 
 headers={'Date': 'Tue, 27 May 2025 00:50:18 GMT', 'Content-Type': 'application/json', 'Transfer-Encoding': 'chunked', 'Connection': 'keep-alive', 'Report-To': '{"group":"cf-nel","max_age":604800,"endpoints":[{"url":"https://a.nel.cloudflare.com/report/v4?s=c7MkhbEFU%2Fo517cZY53Lhk3%2B%2BIctWy0Ycem%2FFr3Q%2BnYNqqz6eCbin29BX9ogOUmWeCWu6ybPXYVNeT1pdq%2FYQbot7DnGpGOvuKYjP%2FupYqBYlLUtd%2BdVwuXn"}]}', 'Nel': '{"report_to":"cf-nel","success_fraction":0.0,"max_age":604800}', 'Cf-Cache-Status': 'DYNAMIC', 'Content-Encoding': 'gzip', 'Server': 'cloudflare', 'CF-RAY': '9461846f6a18e1b4-ORD', 'alt-svc': 'h3=":443"; ma=86400'} 
 body={"messageid":3,"name":"John Doe","email":"john@example.com","phone":"12345678903","subject":"Test Subject","description":"This is a test message for booking a family room."} 
 </msg>
<msg time="2025-05-26T19:50:18.272974" level="INFO">${response} = &lt;Response [200]&gt;</msg>
<var>${response}</var>
<arg>${alias}</arg>
<arg>url=${url}</arg>
<doc>Sends a GET request on a previously created HTTP Session.</doc>
<status status="PASS" start="2025-05-26T19:50:18.113625" elapsed="0.159372"/>
</kw>
<return>
<value>${response}</value>
<status status="PASS" start="2025-05-26T19:50:18.273087" elapsed="0.000043"/>
</return>
<arg>${MESSAGE_ALIAS}</arg>
<arg>${id}</arg>
<status status="PASS" start="2025-05-26T19:50:18.111043" elapsed="0.162183"/>
</kw>
<kw name="Get False Reads From Message Endpoint" owner="RestfulBookerRestApi">
<kw name="Get Request From Message Endpoint" owner="Messages">
<variable name="${url}">
<msg time="2025-05-26T19:50:18.274232" level="INFO">${url} = api/message/</msg>
<var>${RB_REST_API}/${RB_REST_EXT.MESSAGE}/</var>
<status status="PASS" start="2025-05-26T19:50:18.273833" elapsed="0.000425"/>
</variable>
<kw name="GET On Session" owner="RequestsLibrary">
<msg time="2025-05-26T19:50:18.588553" level="INFO">GET Request : url=https://automationintesting.online/api/message/ (redirected) 
 path_url=/api/message/ 
 headers={'User-Agent': 'python-requests/2.32.3', 'Accept-Encoding': 'gzip, deflate', 'Accept': 'application/json', 'Connection': 'keep-alive', 'Content-Type': 'application/json', 'Cookie': 'token=p1tleFQqvoMmSeGt'} 
 body=None 
 </msg>
<msg time="2025-05-26T19:50:18.588790" level="INFO">GET Response : url=https://automationintesting.online/api/message 
 status=200, reason=OK 
 headers={'Date': 'Tue, 27 May 2025 00:50:18 GMT', 'Content-Type': 'application/json', 'Transfer-Encoding': 'chunked', 'Connection': 'keep-alive', 'Report-To': '{"group":"cf-nel","max_age":604800,"endpoints":[{"url":"https://a.nel.cloudflare.com/report/v4?s=pvZQ2q7ZTD583TmZJwlqzx7sk4kma6AXKwUZVGXVjry0o8Dbud8%2BGAe9gR2CCjrfz8hrP51QjjoNQ7tm4sJHzUxz5IvAU2r6WbTZlqEQtGqCfKIOEQRi2nGG"}]}', 'Nel': '{"report_to":"cf-nel","success_fraction":0.0,"max_age":604800}', 'Cf-Cache-Status': 'DYNAMIC', 'Content-Encoding': 'gzip', 'Server': 'cloudflare', 'CF-RAY': '946184715840e1b4-ORD', 'alt-svc': 'h3=":443"; ma=86400'} 
 body={"messages":[{"id":1,"name":"James Dean","subject":"Booking enquiry","read":false},{"id":2,"name":"John Doe","subject":"Test Subject","read":true},{"id":3,"name":"John Doe","subject":"Test Subject","read":true},{"id":4,"name":"John Doe","subject":"Test Subject","read":false},{"id":5,"name":"John Doe","subject":"Test Subject","read":false},{"id":6,"name":"John Doe","subject":"Test Subject","read":false},{"id":7,"name":"John Doe","subject":"Test Subject","read":false},{"id":8,"name":"John Doe","subject":"You have a new booking!","read":false},{"id":9,"name":"sdf","subject":"sdfsdf","read":false},{"id":10,"name":"Bob Builder","subject":"Building things","read":false},{"id":11,"name":"sdf","subject":"sdfsdf","read":false}]} 
 </msg>
<msg time="2025-05-26T19:50:18.589090" level="INFO">${response} = &lt;Response [200]&gt;</msg>
<var>${response}</var>
<arg>${alias}</arg>
<arg>url=${url}</arg>
<doc>Sends a GET request on a previously created HTTP Session.</doc>
<status status="PASS" start="2025-05-26T19:50:18.274345" elapsed="0.314828"/>
</kw>
<return>
<value>${response}</value>
<status status="PASS" start="2025-05-26T19:50:18.589350" elapsed="0.000125"/>
</return>
<msg time="2025-05-26T19:50:18.589777" level="INFO">${response} = &lt;Response [200]&gt;</msg>
<var>${response}</var>
<arg>${alias}</arg>
<status status="PASS" start="2025-05-26T19:50:18.273705" elapsed="0.316116"/>
</kw>
<kw name="Get False Reads From Message Response" owner="Messages">
<kw name="Get From Dictionary" owner="Collections">
<msg time="2025-05-26T19:50:18.592362" level="INFO">${messages} = [{'id': 1, 'name': 'James Dean', 'subject': 'Booking enquiry', 'read': False}, {'id': 2, 'name': 'John Doe', 'subject': 'Test Subject', 'read': True}, {'id': 3, 'name': 'John Doe', 'subject': 'Test Su...</msg>
<var>${messages}</var>
<arg>${response.json()}</arg>
<arg>messages</arg>
<arg>${NONE}</arg>
<doc>Returns a value from the given ``dictionary`` based on the given ``key``.</doc>
<status status="PASS" start="2025-05-26T19:50:18.590908" elapsed="0.001507"/>
</kw>
<kw name="Evaluate" owner="BuiltIn">
<msg time="2025-05-26T19:50:18.593303" level="INFO">${false_reads} = [{'id': 1, 'name': 'James Dean', 'subject': 'Booking enquiry', 'read': False}, {'id': 4, 'name': 'John Doe', 'subject': 'Test Subject', 'read': False}, {'id': 5, 'name': 'John Doe', 'subject': 'Test S...</msg>
<var>${false_reads}</var>
<arg>[message for message in $messages if message['read'] == False]</arg>
<doc>Evaluates the given expression in Python and returns the result.</doc>
<status status="PASS" start="2025-05-26T19:50:18.592651" elapsed="0.000678"/>
</kw>
<return>
<value>${false_reads}</value>
<status status="PASS" start="2025-05-26T19:50:18.593374" elapsed="0.000037"/>
</return>
<msg time="2025-05-26T19:50:18.593527" level="INFO">${false_reads} = [{'id': 1, 'name': 'James Dean', 'subject': 'Booking enquiry', 'read': False}, {'id': 4, 'name': 'John Doe', 'subject': 'Test Subject', 'read': False}, {'id': 5, 'name': 'John Doe', 'subject': 'Test S...</msg>
<var>${false_reads}</var>
<arg>${response}</arg>
<status status="PASS" start="2025-05-26T19:50:18.590257" elapsed="0.003290"/>
</kw>
<return>
<value>${false_reads}</value>
<status status="PASS" start="2025-05-26T19:50:18.593582" elapsed="0.000023"/>
</return>
<msg time="2025-05-26T19:50:18.593712" level="INFO">${after_false_reads} = [{'id': 1, 'name': 'James Dean', 'subject': 'Booking enquiry', 'read': False}, {'id': 4, 'name': 'John Doe', 'subject': 'Test Subject', 'read': False}, {'id': 5, 'name': 'John Doe', 'subject': 'Test S...</msg>
<var>${after_false_reads}</var>
<arg>${MESSAGE_ALIAS}</arg>
<status status="PASS" start="2025-05-26T19:50:18.273429" elapsed="0.320305"/>
</kw>
<kw name="Get Count Body From Count Endpoint" owner="RestfulBookerRestApi">
<kw name="Get Request From Message Count Endpoint" owner="Messages">
<variable name="${url}">
<msg time="2025-05-26T19:50:18.597671" level="INFO">${url} = api/message/count</msg>
<var>${RB_REST_API}/${RB_REST_EXT.MESSAGE_COUNT}</var>
<status status="PASS" start="2025-05-26T19:50:18.594742" elapsed="0.002956"/>
</variable>
<kw name="GET On Session" owner="RequestsLibrary">
<msg time="2025-05-26T19:50:18.760901" level="INFO">GET Request : url=https://automationintesting.online/api/message/count 
 path_url=/api/message/count 
 headers={'User-Agent': 'python-requests/2.32.3', 'Accept-Encoding': 'gzip, deflate', 'Accept': 'application/json', 'Connection': 'keep-alive', 'Content-Type': 'application/json', 'Cookie': 'token=p1tleFQqvoMmSeGt'} 
 body=None 
 </msg>
<msg time="2025-05-26T19:50:18.760964" level="INFO">GET Response : url=https://automationintesting.online/api/message/count 
 status=200, reason=OK 
 headers={'Date': 'Tue, 27 May 2025 00:50:18 GMT', 'Content-Type': 'application/json', 'Transfer-Encoding': 'chunked', 'Connection': 'keep-alive', 'Report-To': '{"group":"cf-nel","max_age":604800,"endpoints":[{"url":"https://a.nel.cloudflare.com/report/v4?s=bBGTWsOBXF6ylom1qnhKhXXW2%2Fw8q0x4hR%2BGTs7WRKekpw0pLTCjbVMTrvO5YeLExtDnKF1M3o7oza4u4VK1zLC3CL3%2BRWTn9HldOKRPUG5YGwlI3M78M6Go"}]}', 'Nel': '{"report_to":"cf-nel","success_fraction":0.0,"max_age":604800}', 'Cf-Cache-Status': 'DYNAMIC', 'Content-Encoding': 'gzip', 'Server': 'cloudflare', 'CF-RAY': '946184727b85e1b4-ORD', 'alt-svc': 'h3=":443"; ma=86400'} 
 body={"count":9,"debug":{"rawResponse":"{\"count\":9}","headers":{"connection":"keep-alive","content-type":"application/json","date":"Tue, 27 May 2025 00:50:18 GMT","keep-alive":"timeout=60","transfer-encoding":"chunked"},"url":"http://rbp-message:3006"}} 
 </msg>
<msg time="2025-05-26T19:50:18.761055" level="INFO">${response} = &lt;Response [200]&gt;</msg>
<var>${response}</var>
<arg>${alias}</arg>
<arg>url=${url}</arg>
<doc>Sends a GET request on a previously created HTTP Session.</doc>
<status status="PASS" start="2025-05-26T19:50:18.597807" elapsed="0.163265"/>
</kw>
<return>
<value>${response}</value>
<status status="PASS" start="2025-05-26T19:50:18.761119" elapsed="0.000030"/>
</return>
<msg time="2025-05-26T19:50:18.761222" level="INFO">${response} = &lt;Response [200]&gt;</msg>
<var>${response}</var>
<arg>${alias}</arg>
<status status="PASS" start="2025-05-26T19:50:18.594565" elapsed="0.166669"/>
</kw>
<return>
<value>${response.json()}</value>
<status status="PASS" start="2025-05-26T19:50:18.761258" elapsed="0.000014"/>
</return>
<msg time="2025-05-26T19:50:18.761598" level="INFO">${after_count} = {'count': 9, 'debug': {'rawResponse': '{"count":9}', 'headers': {'connection': 'keep-alive', 'content-type': 'application/json', 'date': 'Tue, 27 May 2025 00:50:18 GMT', 'keep-alive': 'timeout=60', 't...</msg>
<var>${after_count}</var>
<arg>${MESSAGE_ALIAS}</arg>
<status status="PASS" start="2025-05-26T19:50:18.594017" elapsed="0.167596"/>
</kw>
<kw name="Verify Count And Read Are Correct">
<kw name="Get Length" owner="BuiltIn">
<msg time="2025-05-26T19:50:18.762043" level="INFO">Length is 10.</msg>
<msg time="2025-05-26T19:50:18.762080" level="INFO">${before_read} = 10</msg>
<var>${before_read}</var>
<arg>${before_false_reads}</arg>
<doc>Returns and logs the length of the given item as an integer.</doc>
<status status="PASS" start="2025-05-26T19:50:18.761976" elapsed="0.000114"/>
</kw>
<kw name="Get Length" owner="BuiltIn">
<msg time="2025-05-26T19:50:18.762191" level="INFO">Length is 9.</msg>
<msg time="2025-05-26T19:50:18.762220" level="INFO">${after_read} = 9</msg>
<var>${after_read}</var>
<arg>${after_false_reads}</arg>
<doc>Returns and logs the length of the given item as an integer.</doc>
<status status="PASS" start="2025-05-26T19:50:18.762143" elapsed="0.000087"/>
</kw>
<kw name="Get From Dictionary" owner="Collections">
<msg time="2025-05-26T19:50:18.762532" level="INFO">${before_count_value} = 10</msg>
<var>${before_count_value}</var>
<arg>${before_count}</arg>
<arg>count</arg>
<arg>${0}</arg>
<doc>Returns a value from the given ``dictionary`` based on the given ``key``.</doc>
<status status="PASS" start="2025-05-26T19:50:18.762281" elapsed="0.000264"/>
</kw>
<kw name="Get From Dictionary" owner="Collections">
<msg time="2025-05-26T19:50:18.762824" level="INFO">${after_count_value} = 9</msg>
<var>${after_count_value}</var>
<arg>${after_count}</arg>
<arg>count</arg>
<arg>${0}</arg>
<doc>Returns a value from the given ``dictionary`` based on the given ``key``.</doc>
<status status="PASS" start="2025-05-26T19:50:18.762601" elapsed="0.000236"/>
</kw>
<kw name="Should Be Equal" owner="BuiltIn">
<arg>${before_count_value-1}</arg>
<arg>${after_count_value}</arg>
<doc>Fails if the given objects are unequal.</doc>
<status status="PASS" start="2025-05-26T19:50:18.762898" elapsed="0.000318"/>
</kw>
<kw name="Should Be Equal" owner="BuiltIn">
<arg>${before_read-1}</arg>
<arg>${after_read}</arg>
<doc>Fails if the given objects are unequal.</doc>
<status status="PASS" start="2025-05-26T19:50:18.763274" elapsed="0.000293"/>
</kw>
<arg>${before_count}</arg>
<arg>${after_count}</arg>
<arg>${before_false_reads}</arg>
<arg>${after_false_reads}</arg>
<status status="PASS" start="2025-05-26T19:50:18.761756" elapsed="0.001842"/>
</kw>
<kw name="Test Teardown" type="TEARDOWN">
<kw name="Delete All Sessions" owner="RequestsLibrary">
<msg time="2025-05-26T19:50:18.763892" level="INFO">Deleting All Sessions</msg>
<doc>Removes all the session objects</doc>
<status status="PASS" start="2025-05-26T19:50:18.763859" elapsed="0.000072"/>
</kw>
<status status="PASS" start="2025-05-26T19:50:18.763747" elapsed="0.000209"/>
</kw>
<tag>admin</tag>
<tag>contact-message</tag>
<tag>rest-api</tag>
<status status="PASS" start="2025-05-26T19:50:16.634979" elapsed="2.129013"/>
</test>
<status status="PASS" start="2025-05-26T19:50:16.583189" elapsed="2.181044"/>
</suite>
<status status="PASS" start="2025-05-26T19:50:16.582855" elapsed="2.181639"/>
</suite>
<suite id="s1-s2" name="UI" source="/Users/kelbystine/GitHub/building-test-project-tutorial/Tests/UI">
<suite id="s1-s2-s1" name="AdminTests" source="/Users/kelbystine/GitHub/building-test-project-tutorial/Tests/UI/AdminTests">
<suite id="s1-s2-s1-s1" name="AdminMenuPermissionsTest" source="/Users/kelbystine/GitHub/building-test-project-tutorial/Tests/UI/AdminTests/AdminMenuPermissionsTest.robot">
<test id="s1-s2-s1-s1-t1" name="Verify Admin Menu Permissions" line="13">
<kw name="New Web Browser" owner="Selenium" type="SETUP">
<kw name="Log" owner="BuiltIn">
<msg time="2025-05-26T19:50:18.822900" level="INFO">Opening url: https://automationintesting.online with browser: Chrome.</msg>
<arg>Opening url: ${BOOKING_URL} with browser: ${BROWSER}.</arg>
<arg>CONSOLE</arg>
<doc>Logs the given message with the given level.</doc>
<status status="PASS" start="2025-05-26T19:50:18.822822" elapsed="0.000103"/>
</kw>
<kw name="Open Browser" owner="SeleniumLibrary">
<msg time="2025-05-26T19:50:18.823074" level="INFO">Opening browser 'Chrome' to base url 'https://automationintesting.online'.</msg>
<arg>url=${BOOKING_URL}</arg>
<arg>browser=${BROWSER}</arg>
<doc>Opens a new browser instance to the optional ``url``.</doc>
<status status="PASS" start="2025-05-26T19:50:18.822985" elapsed="1.176793"/>
</kw>
<status status="PASS" start="2025-05-26T19:50:18.822627" elapsed="1.179211"/>
</kw>
<kw name="Click &quot;Admin&quot; Navbar Link" owner="CustomerNavbar" source_name="Click &quot;${link_text}&quot; Navbar Link">
<kw name="Get From Dictionary" owner="Collections">
<msg time="2025-05-26T19:50:20.004416" level="INFO">${href} = /admin</msg>
<var>${href}</var>
<arg>${CUSTOMER_NAVBAR_LINKS}</arg>
<arg>${link_text}</arg>
<arg>${EMPTY}</arg>
<doc>Returns a value from the given ``dictionary`` based on the given ``key``.</doc>
<status status="PASS" start="2025-05-26T19:50:20.003381" elapsed="0.001066"/>
</kw>
<variable name="${navbar_link}">
<msg time="2025-05-26T19:50:20.004652" level="INFO">${navbar_link} = xpath://li/a[contains(@href, "/admin")][text()="Admin"]</msg>
<var>xpath://li/a[contains(@href, "${href}")][text()="${link_text}"]</var>
<status status="PASS" start="2025-05-26T19:50:20.004518" elapsed="0.000158"/>
</variable>
<kw name="Wait Until Element Is Visible" owner="SeleniumLibrary">
<arg>${navbar_link}</arg>
<doc>Waits until the element ``locator`` is visible.</doc>
<status status="PASS" start="2025-05-26T19:50:20.004881" elapsed="0.730145"/>
</kw>
<kw name="Click Element" owner="SeleniumLibrary">
<msg time="2025-05-26T19:50:20.735303" level="INFO">Clicking element 'xpath://li/a[contains(@href, "/admin")][text()="Admin"]'.</msg>
<arg>${navbar_link}</arg>
<doc>Click the element identified by ``locator``.</doc>
<status status="PASS" start="2025-05-26T19:50:20.735158" elapsed="0.412362"/>
</kw>
<kw name="Wait Until Location Is" owner="SeleniumLibrary">
<arg>${BOOKING_URL}${href}</arg>
<doc>Waits until the current URL is ``expected``.</doc>
<status status="PASS" start="2025-05-26T19:50:21.147628" elapsed="0.003168"/>
</kw>
<status status="PASS" start="2025-05-26T19:50:20.002830" elapsed="1.148017"/>
</kw>
<kw name="Enter Username" owner="Login">
<variable name="${login_username_input}">
<msg time="2025-05-26T19:50:21.151118" level="INFO">${login_username_input} = id=username</msg>
<var>id=username</var>
<status status="PASS" start="2025-05-26T19:50:21.151081" elapsed="0.000049"/>
</variable>
<kw name="Wait Until Page Contains Element" owner="SeleniumLibrary">
<arg>${login_username_input}</arg>
<doc>Waits until the element ``locator`` appears on the current page.</doc>
<status status="PASS" start="2025-05-26T19:50:21.151186" elapsed="0.003398"/>
</kw>
<kw name="Input Text" owner="SeleniumLibrary">
<msg time="2025-05-26T19:50:21.154716" level="INFO">Typing text 'admin' into text field 'id=username'.</msg>
<arg>${login_username_input}</arg>
<arg>${username}</arg>
<doc>Types the given ``text`` into the text field identified by ``locator``.</doc>
<status status="PASS" start="2025-05-26T19:50:21.154639" elapsed="0.076449"/>
</kw>
<arg>${ADMIN_CREDENTIALS}[username]</arg>
<status status="PASS" start="2025-05-26T19:50:21.150966" elapsed="0.080185"/>
</kw>
<kw name="Enter Password" owner="Login">
<variable name="${login_password_input}">
<msg time="2025-05-26T19:50:21.231448" level="INFO">${login_password_input} = id=password</msg>
<var>id=password</var>
<status status="PASS" start="2025-05-26T19:50:21.231412" elapsed="0.000048"/>
</variable>
<kw name="Wait Until Page Contains Element" owner="SeleniumLibrary">
<arg>${login_password_input}</arg>
<doc>Waits until the element ``locator`` appears on the current page.</doc>
<status status="PASS" start="2025-05-26T19:50:21.231520" elapsed="0.003586"/>
</kw>
<kw name="Input Password" owner="SeleniumLibrary">
<msg time="2025-05-26T19:50:21.235256" level="INFO">Typing password into text field 'id=password'.</msg>
<msg time="2025-05-26T19:50:21.244052" level="INFO">Temporally setting log level to: NONE</msg>
<arg>${login_password_input}</arg>
<arg>${password}</arg>
<doc>Types the given password into the text field identified by ``locator``.</doc>
<status status="PASS" start="2025-05-26T19:50:21.235165" elapsed="0.025954"/>
</kw>
<arg>${ADMIN_CREDENTIALS}[password]</arg>
<status status="PASS" start="2025-05-26T19:50:21.231291" elapsed="0.029883"/>
</kw>
<kw name="Click Login Button" owner="Login">
<kw name="Wait Until Element Is Enabled" owner="SeleniumLibrary">
<arg>id=doLogin</arg>
<doc>Waits until the element ``locator`` is enabled.</doc>
<status status="PASS" start="2025-05-26T19:50:21.261562" elapsed="0.007905"/>
</kw>
<kw name="Click Button" owner="SeleniumLibrary">
<msg time="2025-05-26T19:50:21.269669" level="INFO">Clicking button 'Login'.</msg>
<arg>Login</arg>
<doc>Clicks the button identified by ``locator``.</doc>
<status status="PASS" start="2025-05-26T19:50:21.269569" elapsed="0.027576"/>
</kw>
<status status="PASS" start="2025-05-26T19:50:21.261308" elapsed="0.035890"/>
</kw>
<kw name="Wait For Booking Management To Load" owner="AdminNavbar">
<kw name="Wait Until Location Contains" owner="SeleniumLibrary">
<arg>${BOOKING_URL}/${RB_ADMIN_URL_EXT.Rooms}</arg>
<doc>Waits until the current URL contains ``expected``.</doc>
<status status="PASS" start="2025-05-26T19:50:21.297451" elapsed="0.414120"/>
</kw>
<kw name="Wait Until Page Contains" owner="SeleniumLibrary">
<arg>${BOOKING_MGT_TITLE}</arg>
<doc>Waits until ``text`` appears on the current page.</doc>
<status status="PASS" start="2025-05-26T19:50:21.711816" elapsed="0.007211"/>
</kw>
<status status="PASS" start="2025-05-26T19:50:21.297325" elapsed="0.421786"/>
</kw>
<kw name="Click &quot;Rooms&quot; Admin Navbar Link" owner="AdminNavbar" source_name="Click &quot;${link_text}&quot; Admin Navbar Link">
<kw name="Get From Dictionary" owner="Collections">
<msg time="2025-05-26T19:50:21.719965" level="INFO">${href} = admin/rooms</msg>
<var>${href}</var>
<arg>${ADMIN_NAVBAR_LINKS}</arg>
<arg>${link_text}</arg>
<arg>${EMPTY}</arg>
<doc>Returns a value from the given ``dictionary`` based on the given ``key``.</doc>
<status status="PASS" start="2025-05-26T19:50:21.719553" elapsed="0.000435"/>
</kw>
<variable name="${navbar_link}">
<msg time="2025-05-26T19:50:21.720114" level="INFO">${navbar_link} = xpath://li/a[contains(@href, "/admin/rooms")][contains(text(), "Rooms")]</msg>
<var>xpath://li/a[contains(@href, "/${href}")][contains(text(), "${link_text}")]</var>
<status status="PASS" start="2025-05-26T19:50:21.720032" elapsed="0.000100"/>
</variable>
<kw name="Wait Until Element Is Visible" owner="SeleniumLibrary">
<arg>${navbar_link}</arg>
<doc>Waits until the element ``locator`` is visible.</doc>
<status status="PASS" start="2025-05-26T19:50:21.720214" elapsed="0.218950"/>
</kw>
<kw name="Click Element" owner="SeleniumLibrary">
<msg time="2025-05-26T19:50:21.939492" level="INFO">Clicking element 'xpath://li/a[contains(@href, "/admin/rooms")][contains(text(), "Rooms")]'.</msg>
<arg>${navbar_link}</arg>
<doc>Click the element identified by ``locator``.</doc>
<status status="PASS" start="2025-05-26T19:50:21.939338" elapsed="0.025174"/>
</kw>
<kw name="Wait Until Location Is" owner="SeleniumLibrary">
<arg>${BOOKING_URL}/${href}</arg>
<doc>Waits until the current URL is ``expected``.</doc>
<status status="PASS" start="2025-05-26T19:50:21.964639" elapsed="0.001609"/>
</kw>
<status status="PASS" start="2025-05-26T19:50:21.719332" elapsed="0.246958"/>
</kw>
<kw name="Click &quot;Report&quot; Admin Navbar Link" owner="AdminNavbar" source_name="Click &quot;${link_text}&quot; Admin Navbar Link">
<kw name="Get From Dictionary" owner="Collections">
<msg time="2025-05-26T19:50:21.966814" level="INFO">${href} = admin/report</msg>
<var>${href}</var>
<arg>${ADMIN_NAVBAR_LINKS}</arg>
<arg>${link_text}</arg>
<arg>${EMPTY}</arg>
<doc>Returns a value from the given ``dictionary`` based on the given ``key``.</doc>
<status status="PASS" start="2025-05-26T19:50:21.966552" elapsed="0.000277"/>
</kw>
<variable name="${navbar_link}">
<msg time="2025-05-26T19:50:21.966917" level="INFO">${navbar_link} = xpath://li/a[contains(@href, "/admin/report")][contains(text(), "Report")]</msg>
<var>xpath://li/a[contains(@href, "/${href}")][contains(text(), "${link_text}")]</var>
<status status="PASS" start="2025-05-26T19:50:21.966860" elapsed="0.000069"/>
</variable>
<kw name="Wait Until Element Is Visible" owner="SeleniumLibrary">
<arg>${navbar_link}</arg>
<doc>Waits until the element ``locator`` is visible.</doc>
<status status="PASS" start="2025-05-26T19:50:21.966982" elapsed="0.006872"/>
</kw>
<kw name="Click Element" owner="SeleniumLibrary">
<msg time="2025-05-26T19:50:21.974035" level="INFO">Clicking element 'xpath://li/a[contains(@href, "/admin/report")][contains(text(), "Report")]'.</msg>
<arg>${navbar_link}</arg>
<doc>Click the element identified by ``locator``.</doc>
<status status="PASS" start="2025-05-26T19:50:21.973939" elapsed="0.019473"/>
</kw>
<kw name="Wait Until Location Is" owner="SeleniumLibrary">
<arg>${BOOKING_URL}/${href}</arg>
<doc>Waits until the current URL is ``expected``.</doc>
<status status="PASS" start="2025-05-26T19:50:21.993520" elapsed="0.210047"/>
</kw>
<status status="PASS" start="2025-05-26T19:50:21.966418" elapsed="0.237266"/>
</kw>
<kw name="Click &quot;Branding&quot; Admin Navbar Link" owner="AdminNavbar" source_name="Click &quot;${link_text}&quot; Admin Navbar Link">
<kw name="Get From Dictionary" owner="Collections">
<msg time="2025-05-26T19:50:22.204786" level="INFO">${href} = admin/branding</msg>
<var>${href}</var>
<arg>${ADMIN_NAVBAR_LINKS}</arg>
<arg>${link_text}</arg>
<arg>${EMPTY}</arg>
<doc>Returns a value from the given ``dictionary`` based on the given ``key``.</doc>
<status status="PASS" start="2025-05-26T19:50:22.204256" elapsed="0.000556"/>
</kw>
<variable name="${navbar_link}">
<msg time="2025-05-26T19:50:22.205182" level="INFO">${navbar_link} = xpath://li/a[contains(@href, "/admin/branding")][contains(text(), "Branding")]</msg>
<var>xpath://li/a[contains(@href, "/${href}")][contains(text(), "${link_text}")]</var>
<status status="PASS" start="2025-05-26T19:50:22.204875" elapsed="0.000353"/>
</variable>
<kw name="Wait Until Element Is Visible" owner="SeleniumLibrary">
<arg>${navbar_link}</arg>
<doc>Waits until the element ``locator`` is visible.</doc>
<status status="PASS" start="2025-05-26T19:50:22.205367" elapsed="0.017845"/>
</kw>
<kw name="Click Element" owner="SeleniumLibrary">
<msg time="2025-05-26T19:50:22.223510" level="INFO">Clicking element 'xpath://li/a[contains(@href, "/admin/branding")][contains(text(), "Branding")]'.</msg>
<arg>${navbar_link}</arg>
<doc>Click the element identified by ``locator``.</doc>
<status status="PASS" start="2025-05-26T19:50:22.223354" elapsed="0.040842"/>
</kw>
<kw name="Wait Until Location Is" owner="SeleniumLibrary">
<arg>${BOOKING_URL}/${href}</arg>
<doc>Waits until the current URL is ``expected``.</doc>
<status status="PASS" start="2025-05-26T19:50:22.264314" elapsed="0.002095"/>
</kw>
<status status="PASS" start="2025-05-26T19:50:22.203938" elapsed="0.062539"/>
</kw>
<kw name="Click &quot;Messages&quot; Admin Navbar Link" owner="AdminNavbar" source_name="Click &quot;${link_text}&quot; Admin Navbar Link">
<kw name="Get From Dictionary" owner="Collections">
<msg time="2025-05-26T19:50:22.267069" level="INFO">${href} = admin/message</msg>
<var>${href}</var>
<arg>${ADMIN_NAVBAR_LINKS}</arg>
<arg>${link_text}</arg>
<arg>${EMPTY}</arg>
<doc>Returns a value from the given ``dictionary`` based on the given ``key``.</doc>
<status status="PASS" start="2025-05-26T19:50:22.266786" elapsed="0.000298"/>
</kw>
<variable name="${navbar_link}">
<msg time="2025-05-26T19:50:22.267184" level="INFO">${navbar_link} = xpath://li/a[contains(@href, "/admin/message")][contains(text(), "Messages")]</msg>
<var>xpath://li/a[contains(@href, "/${href}")][contains(text(), "${link_text}")]</var>
<status status="PASS" start="2025-05-26T19:50:22.267121" elapsed="0.000076"/>
</variable>
<kw name="Wait Until Element Is Visible" owner="SeleniumLibrary">
<arg>${navbar_link}</arg>
<doc>Waits until the element ``locator`` is visible.</doc>
<status status="PASS" start="2025-05-26T19:50:22.267256" elapsed="0.006164"/>
</kw>
<kw name="Click Element" owner="SeleniumLibrary">
<msg time="2025-05-26T19:50:22.273567" level="INFO">Clicking element 'xpath://li/a[contains(@href, "/admin/message")][contains(text(), "Messages")]'.</msg>
<arg>${navbar_link}</arg>
<doc>Click the element identified by ``locator``.</doc>
<status status="PASS" start="2025-05-26T19:50:22.273488" elapsed="0.021041"/>
</kw>
<kw name="Wait Until Location Is" owner="SeleniumLibrary">
<arg>${BOOKING_URL}/${href}</arg>
<doc>Waits until the current URL is ``expected``.</doc>
<status status="PASS" start="2025-05-26T19:50:22.294639" elapsed="0.003675"/>
</kw>
<status status="PASS" start="2025-05-26T19:50:22.266636" elapsed="0.031733"/>
</kw>
<kw name="Click Front Page Admin Navbar Link" owner="AdminNavbar">
<variable name="${front_page_link}">
<msg time="2025-05-26T19:50:22.298641" level="INFO">${front_page_link} = id=frontPageLink</msg>
<var>id=frontPageLink</var>
<status status="PASS" start="2025-05-26T19:50:22.298604" elapsed="0.000048"/>
</variable>
<kw name="Wait Until Element Is Visible" owner="SeleniumLibrary">
<arg>${front_page_link}</arg>
<doc>Waits until the element ``locator`` is visible.</doc>
<status status="PASS" start="2025-05-26T19:50:22.298710" elapsed="0.005561"/>
</kw>
<kw name="Click Element" owner="SeleniumLibrary">
<msg time="2025-05-26T19:50:22.304395" level="INFO">Clicking element 'id=frontPageLink'.</msg>
<arg>${front_page_link}</arg>
<doc>Click the element identified by ``locator``.</doc>
<status status="PASS" start="2025-05-26T19:50:22.304328" elapsed="0.196732"/>
</kw>
<kw name="Log" owner="BuiltIn">
<msg time="2025-05-26T19:50:22.501304" level="INFO">Wait for Front Page To Appear</msg>
<arg>Wait for Front Page To Appear</arg>
<doc>Logs the given message with the given level.</doc>
<status status="PASS" start="2025-05-26T19:50:22.501209" elapsed="0.000125"/>
</kw>
<status status="PASS" start="2025-05-26T19:50:22.298510" elapsed="0.202868"/>
</kw>
<kw name="Wait For Front Page To Load" owner="Navigation">
<try>
<branch type="TRY">
<kw name="Wait Until Location Is" owner="SeleniumLibrary">
<msg time="2025-05-26T19:50:28.080283" level="INFO" html="true">&lt;/td&gt;&lt;/tr&gt;&lt;tr&gt;&lt;td colspan="3"&gt;&lt;a href="selenium-screenshot-1.png"&gt;&lt;img src="selenium-screenshot-1.png" width="800px"&gt;&lt;/a&gt;</msg>
<msg time="2025-05-26T19:50:28.080376" level="FAIL">Location did not become 'https://automationintesting.online' in 5 seconds.</msg>
<arg>${BOOKING_URL}</arg>
<doc>Waits until the current URL is ``expected``.</doc>
<status status="FAIL" start="2025-05-26T19:50:22.501790" elapsed="5.580176">Location did not become 'https://automationintesting.online' in 5 seconds.</status>
</kw>
<status status="FAIL" start="2025-05-26T19:50:22.501710" elapsed="5.580308">Location did not become 'https://automationintesting.online' in 5 seconds.</status>
</branch>
<branch type="EXCEPT" assign="${error}">
<kw name="Log" owner="BuiltIn">
<msg time="2025-05-26T19:50:28.082193" level="INFO">Location did not become 'https://automationintesting.online' in 5 seconds.</msg>
<arg>${error}</arg>
<arg>INFO</arg>
<doc>Logs the given message with the given level.</doc>
<status status="PASS" start="2025-05-26T19:50:28.082127" elapsed="0.000085"/>
</kw>
<kw name="Log" owner="BuiltIn">
<msg time="2025-05-26T19:50:28.082293" level="INFO">Trying again...</msg>
<arg>Trying again...</arg>
<arg>INFO</arg>
<doc>Logs the given message with the given level.</doc>
<status status="PASS" start="2025-05-26T19:50:28.082256" elapsed="0.000049"/>
</kw>
<kw name="Wait Until Location Is" owner="SeleniumLibrary">
<arg>${BOOKING_URL}/</arg>
<doc>Waits until the current URL is ``expected``.</doc>
<status status="PASS" start="2025-05-26T19:50:28.082344" elapsed="0.001650"/>
</kw>
<status status="PASS" start="2025-05-26T19:50:28.082060" elapsed="0.001953"/>
</branch>
<status status="PASS" start="2025-05-26T19:50:22.501680" elapsed="5.582353"/>
</try>
<status status="PASS" start="2025-05-26T19:50:22.501557" elapsed="5.582498"/>
</kw>
<kw name="Go Back" owner="SeleniumLibrary">
<doc>Simulates the user clicking the back button on their browser.</doc>
<status status="PASS" start="2025-05-26T19:50:28.084130" elapsed="0.005496"/>
</kw>
<kw name="Wait For &quot;Messages&quot; Admin Location" owner="AdminNavbar" source_name="Wait For &quot;${link_text}&quot; Admin Location">
<kw name="Get From Dictionary" owner="Collections">
<msg time="2025-05-26T19:50:28.090142" level="INFO">${href} = admin/message</msg>
<var>${href}</var>
<arg>${ADMIN_NAVBAR_LINKS}</arg>
<arg>${link_text}</arg>
<arg>${EMPTY}</arg>
<doc>Returns a value from the given ``dictionary`` based on the given ``key``.</doc>
<status status="PASS" start="2025-05-26T19:50:28.089916" elapsed="0.000238"/>
</kw>
<kw name="Wait Until Location Is" owner="SeleniumLibrary">
<arg>${BOOKING_URL}/${href}</arg>
<doc>Waits until the current URL is ``expected``.</doc>
<status status="PASS" start="2025-05-26T19:50:28.090200" elapsed="0.003762"/>
</kw>
<status status="PASS" start="2025-05-26T19:50:28.089767" elapsed="0.004250"/>
</kw>
<kw name="Click Logout Admin Navbar Link" owner="AdminNavbar">
<variable name="${logout_link}">
<msg time="2025-05-26T19:50:28.094276" level="INFO">${logout_link} = xpath=//button[text()="Logout"]</msg>
<var>xpath=//button[text()="Logout"]</var>
<status status="PASS" start="2025-05-26T19:50:28.094239" elapsed="0.000050"/>
</variable>
<kw name="Wait Until Element Is Visible" owner="SeleniumLibrary">
<arg>${logout_link}</arg>
<doc>Waits until the element ``locator`` is visible.</doc>
<status status="PASS" start="2025-05-26T19:50:28.094437" elapsed="0.007089"/>
</kw>
<kw name="Click Element" owner="SeleniumLibrary">
<msg time="2025-05-26T19:50:28.101725" level="INFO">Clicking element 'xpath=//button[text()="Logout"]'.</msg>
<arg>${logout_link}</arg>
<doc>Click the element identified by ``locator``.</doc>
<status status="PASS" start="2025-05-26T19:50:28.101626" elapsed="0.196923"/>
</kw>
<kw name="Log" owner="BuiltIn">
<msg time="2025-05-26T19:50:28.298761" level="INFO">Wait for Front Page To Appear</msg>
<arg>Wait for Front Page To Appear</arg>
<doc>Logs the given message with the given level.</doc>
<status status="PASS" start="2025-05-26T19:50:28.298679" elapsed="0.000108"/>
</kw>
<status status="PASS" start="2025-05-26T19:50:28.094148" elapsed="0.204679"/>
</kw>
<kw name="Wait For Front Page To Load" owner="Navigation">
<try>
<branch type="TRY">
<kw name="Wait Until Location Is" owner="SeleniumLibrary">
<msg time="2025-05-26T19:50:33.810655" level="INFO" html="true">&lt;/td&gt;&lt;/tr&gt;&lt;tr&gt;&lt;td colspan="3"&gt;&lt;a href="selenium-screenshot-2.png"&gt;&lt;img src="selenium-screenshot-2.png" width="800px"&gt;&lt;/a&gt;</msg>
<msg time="2025-05-26T19:50:33.810728" level="FAIL">Location did not become 'https://automationintesting.online' in 5 seconds.</msg>
<arg>${BOOKING_URL}</arg>
<doc>Waits until the current URL is ``expected``.</doc>
<status status="FAIL" start="2025-05-26T19:50:28.299184" elapsed="5.511770">Location did not become 'https://automationintesting.online' in 5 seconds.</status>
</kw>
<status status="FAIL" start="2025-05-26T19:50:28.299122" elapsed="5.511880">Location did not become 'https://automationintesting.online' in 5 seconds.</status>
</branch>
<branch type="EXCEPT" assign="${error}">
<kw name="Log" owner="BuiltIn">
<msg time="2025-05-26T19:50:33.811175" level="INFO">Location did not become 'https://automationintesting.online' in 5 seconds.</msg>
<arg>${error}</arg>
<arg>INFO</arg>
<doc>Logs the given message with the given level.</doc>
<status status="PASS" start="2025-05-26T19:50:33.811109" elapsed="0.000083"/>
</kw>
<kw name="Log" owner="BuiltIn">
<msg time="2025-05-26T19:50:33.811263" level="INFO">Trying again...</msg>
<arg>Trying again...</arg>
<arg>INFO</arg>
<doc>Logs the given message with the given level.</doc>
<status status="PASS" start="2025-05-26T19:50:33.811231" elapsed="0.000045"/>
</kw>
<kw name="Wait Until Location Is" owner="SeleniumLibrary">
<arg>${BOOKING_URL}/</arg>
<doc>Waits until the current URL is ``expected``.</doc>
<status status="PASS" start="2025-05-26T19:50:33.811316" elapsed="0.001635"/>
</kw>
<status status="PASS" start="2025-05-26T19:50:33.811044" elapsed="0.001932"/>
</branch>
<status status="PASS" start="2025-05-26T19:50:28.299102" elapsed="5.513898"/>
</try>
<status status="PASS" start="2025-05-26T19:50:28.298989" elapsed="5.514033"/>
</kw>
<kw name="Close All Browsers" owner="SeleniumLibrary" type="TEARDOWN">
<doc>Closes all open browsers and resets the browser cache.</doc>
<status status="PASS" start="2025-05-26T19:50:33.813145" elapsed="0.076550"/>
</kw>
<tag>admin</tag>
<tag>happy-path</tag>
<tag>menu-tour</tag>
<tag>ui-api</tag>
<status status="PASS" start="2025-05-26T19:50:18.822424" elapsed="15.067368"/>
</test>
<doc>Example test file.</doc>
<status status="PASS" start="2025-05-26T19:50:18.765620" elapsed="15.124359"/>
</suite>
<suite id="s1-s2-s1-s2" name="URLNavigationTest" source="/Users/kelbystine/GitHub/building-test-project-tutorial/Tests/UI/AdminTests/URLNavigationTest.robot">
<kw name="Suite Setup Keywords" type="SETUP">
<kw name="Create RB Session" owner="Session">
<kw name="Session Exists" owner="RequestsLibrary">
<msg time="2025-05-26T19:50:33.894724" level="INFO">${is_session} = False</msg>
<var>${is_session}</var>
<arg>${alias}</arg>
<doc>Return True if the session has been already created</doc>
<status status="PASS" start="2025-05-26T19:50:33.894657" elapsed="0.000079"/>
</kw>
<if>
<branch type="IF" condition="${is_session}">
<kw name="Log" owner="BuiltIn">
<arg>Session ${alias} exists.</arg>
<arg>CONSOLE</arg>
<doc>Logs the given message with the given level.</doc>
<status status="NOT RUN" start="2025-05-26T19:50:33.894844" elapsed="0.000010"/>
</kw>
<status status="NOT RUN" start="2025-05-26T19:50:33.894785" elapsed="0.000085"/>
</branch>
<branch type="ELSE">
<kw name="Log" owner="BuiltIn">
<msg time="2025-05-26T19:50:33.894994" level="INFO">Creating session ui-test-alias.</msg>
<arg>Creating session ${alias}.</arg>
<arg>CONSOLE</arg>
<doc>Logs the given message with the given level.</doc>
<status status="PASS" start="2025-05-26T19:50:33.894927" elapsed="0.000084"/>
</kw>
<if>
<branch type="IF" condition="$url is None">
<variable name="${url}">
<msg time="2025-05-26T19:50:33.895208" level="INFO">${url} = https://automationintesting.online</msg>
<var>${BOOKING_URL}</var>
<status status="PASS" start="2025-05-26T19:50:33.895157" elapsed="0.000066"/>
</variable>
<status status="PASS" start="2025-05-26T19:50:33.895039" elapsed="0.000208"/>
</branch>
<status status="PASS" start="2025-05-26T19:50:33.895032" elapsed="0.000230"/>
</if>
<kw name="Create Session" owner="RequestsLibrary">
<msg time="2025-05-26T19:50:33.895455" level="INFO">Creating Session using : alias=ui-test-alias, url=https://automationintesting.online, headers={'Accept': 'application/json', 'Content-Type': 'application/json'},                     cookies={}, auth=None, timeout=None, proxies=None, verify=False,                     debug=0 </msg>
<arg>alias=${alias}</arg>
<arg>url=${url}</arg>
<arg>headers=${headers}</arg>
<arg>disable_warnings=${TRUE}</arg>
<doc>Create Session: create a HTTP session to a server</doc>
<status status="PASS" start="2025-05-26T19:50:33.895318" elapsed="0.000246"/>
</kw>
<status status="PASS" start="2025-05-26T19:50:33.894886" elapsed="0.000701"/>
</branch>
<status status="PASS" start="2025-05-26T19:50:33.894772" elapsed="0.000829"/>
</if>
<arg>${UI_TEST_ALIAS}</arg>
<status status="PASS" start="2025-05-26T19:50:33.894538" elapsed="0.001080"/>
</kw>
<status status="PASS" start="2025-05-26T19:50:33.894392" elapsed="0.001246"/>
</kw>
<test id="s1-s2-s1-s2-t1" name="Admin URL Navigation Test" line="23">
<kw name="New Web Browser" owner="Selenium" type="SETUP">
<kw name="Log" owner="BuiltIn">
<msg time="2025-05-26T19:50:33.895970" level="INFO">Opening url: https://automationintesting.online with browser: Chrome.</msg>
<arg>Opening url: ${BOOKING_URL} with browser: ${BROWSER}.</arg>
<arg>CONSOLE</arg>
<doc>Logs the given message with the given level.</doc>
<status status="PASS" start="2025-05-26T19:50:33.895904" elapsed="0.000084"/>
</kw>
<kw name="Open Browser" owner="SeleniumLibrary">
<msg time="2025-05-26T19:50:33.896131" level="INFO">Opening browser 'Chrome' to base url 'https://automationintesting.online'.</msg>
<arg>url=${BOOKING_URL}</arg>
<arg>browser=${BROWSER}</arg>
<doc>Opens a new browser instance to the optional ``url``.</doc>
<status status="PASS" start="2025-05-26T19:50:33.896046" elapsed="1.056860"/>
</kw>
<status status="PASS" start="2025-05-26T19:50:33.895816" elapsed="1.057655"/>
</kw>
<kw name="Navigate To &quot;Admin&quot; Login Page" owner="Navigation" source_name="Navigate To &quot;${location}&quot; Login Page">
<variable name="${url}">
<msg time="2025-05-26T19:50:34.954746" level="INFO">${url} = https://automationintesting.online/admin</msg>
<var>${BOOKING_URL}/${RB_URL_EXT}[${location}]</var>
<status status="PASS" start="2025-05-26T19:50:34.954578" elapsed="0.000200"/>
</variable>
<kw name="Go To" owner="SeleniumLibrary">
<msg time="2025-05-26T19:50:34.955133" level="INFO">Opening url 'https://automationintesting.online/admin'</msg>
<arg>${url}</arg>
<doc>Navigates the current browser window to the provided ``url``.</doc>
<status status="PASS" start="2025-05-26T19:50:34.954973" elapsed="0.400243"/>
</kw>
<kw name="Wait Until Location Is" owner="SeleniumLibrary">
<arg>${url}</arg>
<doc>Waits until the current URL is ``expected``.</doc>
<status status="PASS" start="2025-05-26T19:50:35.355360" elapsed="0.003793"/>
</kw>
<status status="PASS" start="2025-05-26T19:50:34.954181" elapsed="0.405236"/>
</kw>
<kw name="Wait For Login Header To Load" owner="Login">
<variable name="${login_header}">
<msg time="2025-05-26T19:50:35.359706" level="INFO">${login_header} = xpath=//h2[text()="Login"]</msg>
<var>xpath=//h2[text()="Login"]</var>
<status status="PASS" start="2025-05-26T19:50:35.359659" elapsed="0.000063"/>
</variable>
<kw name="Wait Until Page Contains Element" owner="SeleniumLibrary">
<arg>${login_header}</arg>
<doc>Waits until the element ``locator`` appears on the current page.</doc>
<status status="PASS" start="2025-05-26T19:50:35.359801" elapsed="0.007055"/>
</kw>
<kw name="Wait Until Element Is Visible" owner="SeleniumLibrary">
<arg>${login_header}</arg>
<doc>Waits until the element ``locator`` is visible.</doc>
<status status="PASS" start="2025-05-26T19:50:35.366993" elapsed="0.006552"/>
</kw>
<status status="PASS" start="2025-05-26T19:50:35.359555" elapsed="0.014053"/>
</kw>
<kw name="Close Browser" owner="SeleniumLibrary" type="TEARDOWN">
<doc>Closes the current browser.</doc>
<status status="PASS" start="2025-05-26T19:50:35.373779" elapsed="0.069604"/>
</kw>
<tag>admin</tag>
<tag>ui-api</tag>
<tag>url-navigation</tag>
<status status="PASS" start="2025-05-26T19:50:33.895661" elapsed="1.547807"/>
</test>
<test id="s1-s2-s1-s2-t2" name="Room URL Navigation Test" line="28">
<kw name="Test Setup With Token Cookie" type="SETUP">
<kw name="Get Token From Authentication Endpoint" owner="RestfulBookerRestApi">
<kw name="Post On Session To Authentication Endpoint" owner="Authentication">
<variable name="${url}">
<msg time="2025-05-26T19:50:35.444454" level="INFO">${url} = api/auth/login</msg>
<var>${RB_REST_API}/${RB_REST_EXT.AUTH}</var>
<status status="PASS" start="2025-05-26T19:50:35.444198" elapsed="0.000270"/>
</variable>
<variable name="&amp;{json}">
<msg time="2025-05-26T19:50:35.444555" level="INFO">&amp;{json} = { username=admin | password=password }</msg>
<var>username=${username}</var>
<var>password=${password}</var>
<status status="PASS" start="2025-05-26T19:50:35.444493" elapsed="0.000073"/>
</variable>
<kw name="POST On Session" owner="RequestsLibrary">
<msg time="2025-05-26T19:50:35.843388" level="INFO">POST Request : url=https://automationintesting.online/api/auth/login 
 path_url=/api/auth/login 
 headers={'User-Agent': 'python-requests/2.32.3', 'Accept-Encoding': 'gzip, deflate', 'Accept': 'application/json', 'Connection': 'keep-alive', 'Content-Type': 'application/json', 'Content-Length': '45'} 
 body=b'{"username": "admin", "password": "password"}' 
 </msg>
<msg time="2025-05-26T19:50:35.843731" level="INFO">POST Response : url=https://automationintesting.online/api/auth/login 
 status=200, reason=OK 
 headers={'Date': 'Tue, 27 May 2025 00:50:35 GMT', 'Content-Type': 'application/json', 'Transfer-Encoding': 'chunked', 'Connection': 'keep-alive', 'Report-To': '{"group":"cf-nel","max_age":604800,"endpoints":[{"url":"https://a.nel.cloudflare.com/report/v4?s=tYRQ%2Brwzt2b%2BiLbugwpR8cte2DzSqc%2Fm02tCO36qhGYqlw8hMggd1q529huXnLHNkbjeeNnytQxwJ%2FEWnZIzENZQ5b%2BaBIj3PlT6xcC%2FUmoDS1PRJI9JSg%3D%3D"}]}', 'Nel': '{"report_to":"cf-nel","success_fraction":0.0,"max_age":604800}', 'Cf-Cache-Status': 'DYNAMIC', 'Content-Encoding': 'gzip', 'Server': 'cloudflare', 'CF-RAY': '946184dc6b118f45-ORD', 'alt-svc': 'h3=":443"; ma=86400'} 
 body={"token":"7VWxWRxfjJ0JOraB"} 
 </msg>
<msg time="2025-05-26T19:50:35.844063" level="INFO">${response} = &lt;Response [200]&gt;</msg>
<var>${response}</var>
<arg>${alias}</arg>
<arg>${url}</arg>
<arg>json=${json}</arg>
<doc>Sends a POST request on a previously created HTTP Session.</doc>
<status status="PASS" start="2025-05-26T19:50:35.444634" elapsed="0.399497"/>
</kw>
<return>
<value>${response}</value>
<status status="PASS" start="2025-05-26T19:50:35.844383" elapsed="0.000271"/>
</return>
<msg time="2025-05-26T19:50:35.845035" level="INFO">${response} = &lt;Response [200]&gt;</msg>
<var>${response}</var>
<arg>${alias}</arg>
<arg>${username}</arg>
<arg>${password}</arg>
<status status="PASS" start="2025-05-26T19:50:35.444111" elapsed="0.400960"/>
</kw>
<kw name="Get Token Cookie From Response" owner="Authentication">
<try>
<branch type="TRY">
<variable name="${cookie_dict}">
<msg time="2025-05-26T19:50:35.847238" level="INFO">${cookie_dict} = {'token': '7VWxWRxfjJ0JOraB'}</msg>
<var>${response.json()}</var>
<status status="PASS" start="2025-05-26T19:50:35.846229" elapsed="0.001063"/>
</variable>
<status status="PASS" start="2025-05-26T19:50:35.846140" elapsed="0.001228"/>
</branch>
<branch type="EXCEPT" assign="${error}">
<kw name="Log" owner="BuiltIn">
<arg>${error}</arg>
<arg>ERROR</arg>
<doc>Logs the given message with the given level.</doc>
<status status="NOT RUN" start="2025-05-26T19:50:35.847690" elapsed="0.000040"/>
</kw>
<variable name="${cookie_dict}">
<var>token=${NONE}</var>
<status status="NOT RUN" start="2025-05-26T19:50:35.847784" elapsed="0.000032"/>
</variable>
<status status="NOT RUN" start="2025-05-26T19:50:35.847437" elapsed="0.000418"/>
</branch>
<status status="PASS" start="2025-05-26T19:50:35.846060" elapsed="0.001846"/>
</try>
<return>
<value>${cookie_dict}</value>
<status status="PASS" start="2025-05-26T19:50:35.847947" elapsed="0.000048"/>
</return>
<msg time="2025-05-26T19:50:35.848132" level="INFO">${token_cookie} = {'token': '7VWxWRxfjJ0JOraB'}</msg>
<var>${token_cookie}</var>
<arg>${response}</arg>
<status status="PASS" start="2025-05-26T19:50:35.845664" elapsed="0.002493"/>
</kw>
<return>
<value>${token_cookie}</value>
<status status="PASS" start="2025-05-26T19:50:35.848202" elapsed="0.000030"/>
</return>
<msg time="2025-05-26T19:50:35.848332" level="INFO">${token_cookie} = {'token': '7VWxWRxfjJ0JOraB'}</msg>
<var>${token_cookie}</var>
<arg>${UI_TEST_ALIAS}</arg>
<arg>&amp;{ADMIN_CREDENTIALS}</arg>
<status status="PASS" start="2025-05-26T19:50:35.443957" elapsed="0.404397"/>
</kw>
<kw name="New Web Browser" owner="Selenium">
<kw name="Log" owner="BuiltIn">
<msg time="2025-05-26T19:50:35.849153" level="INFO">Opening url: https://automationintesting.online with browser: Chrome.</msg>
<arg>Opening url: ${BOOKING_URL} with browser: ${BROWSER}.</arg>
<arg>CONSOLE</arg>
<doc>Logs the given message with the given level.</doc>
<status status="PASS" start="2025-05-26T19:50:35.848783" elapsed="0.000417"/>
</kw>
<kw name="Open Browser" owner="SeleniumLibrary">
<msg time="2025-05-26T19:50:35.849684" level="INFO">Opening browser 'Chrome' to base url 'https://automationintesting.online'.</msg>
<arg>url=${BOOKING_URL}</arg>
<arg>browser=${BROWSER}</arg>
<doc>Opens a new browser instance to the optional ``url``.</doc>
<status status="PASS" start="2025-05-26T19:50:35.849407" elapsed="1.639230"/>
</kw>
<status status="PASS" start="2025-05-26T19:50:35.848536" elapsed="1.640436"/>
</kw>
<kw name="Add Token Cookie" owner="Selenium">
<kw name="Get From Dictionary" owner="Collections">
<msg time="2025-05-26T19:50:37.489531" level="INFO">${token_value} = 7VWxWRxfjJ0JOraB</msg>
<var>${token_value}</var>
<arg>${token_cookie}</arg>
<arg>token</arg>
<arg>${NONE}</arg>
<doc>Returns a value from the given ``dictionary`` based on the given ``key``.</doc>
<status status="PASS" start="2025-05-26T19:50:37.489392" elapsed="0.000153"/>
</kw>
<kw name="Add Cookie" owner="SeleniumLibrary">
<arg>name=token</arg>
<arg>value=${token_value}</arg>
<arg>domain=${BOOKING_DOMAIN}</arg>
<doc>Adds a cookie to your current session.</doc>
<status status="PASS" start="2025-05-26T19:50:37.489605" elapsed="0.002829"/>
</kw>
<kw name="Reload Page" owner="SeleniumLibrary">
<doc>Simulates user reloading page.</doc>
<status status="PASS" start="2025-05-26T19:50:37.492505" elapsed="0.279547"/>
</kw>
<arg>${token_cookie}</arg>
<status status="PASS" start="2025-05-26T19:50:37.489173" elapsed="0.282960"/>
</kw>
<status status="PASS" start="2025-05-26T19:50:35.443820" elapsed="2.328355"/>
</kw>
<kw name="Navigate To Admin &quot;Rooms&quot; By URL" owner="Navigation" source_name="Navigate To Admin &quot;${location}&quot; By URL">
<variable name="${url}">
<msg time="2025-05-26T19:50:37.772660" level="INFO">${url} = https://automationintesting.online/admin/rooms</msg>
<var>${BOOKING_URL}/${RB_ADMIN_URL_EXT}[${location}]</var>
<status status="PASS" start="2025-05-26T19:50:37.772559" elapsed="0.000154"/>
</variable>
<kw name="Go To" owner="SeleniumLibrary">
<msg time="2025-05-26T19:50:37.772890" level="INFO">Opening url 'https://automationintesting.online/admin/rooms'</msg>
<arg>${url}</arg>
<doc>Navigates the current browser window to the provided ``url``.</doc>
<status status="PASS" start="2025-05-26T19:50:37.772809" elapsed="0.268681"/>
</kw>
<kw name="Wait Until Location Is" owner="SeleniumLibrary">
<arg>${url}</arg>
<doc>Waits until the current URL is ``expected``.</doc>
<status status="PASS" start="2025-05-26T19:50:38.041609" elapsed="0.001480"/>
</kw>
<status status="PASS" start="2025-05-26T19:50:37.772417" elapsed="0.270711"/>
</kw>
<kw name="Verify Room Header Row Columns" owner="Rooms">
<kw name="Wait Until Element Is Visible" owner="SeleniumLibrary">
<arg>${ROOM_HEADER.ROW}</arg>
<doc>Waits until the element ``locator`` is visible.</doc>
<status status="PASS" start="2025-05-26T19:50:38.043347" elapsed="0.645838"/>
</kw>
<kw name="Get WebElements" owner="SeleniumLibrary">
<msg time="2025-05-26T19:50:38.693884" level="INFO">${elements} = [&lt;selenium.webdriver.remote.webelement.WebElement (session="6a3f0d5aa99a1faa77143416dce3e250", element="f.ED9B013A0DB15EDEE1D6759B63A426B4.d.87B3BEF69033D386ED521385DDC26D17.e.21")&gt;, &lt;selenium.webdriv...</msg>
<var>${elements}</var>
<arg>${ROOM_HEADER.ROW}</arg>
<doc>Returns a list of WebElement objects matching the ``locator``.</doc>
<status status="PASS" start="2025-05-26T19:50:38.689432" elapsed="0.004483"/>
</kw>
<kw name="Evaluate" owner="BuiltIn">
<msg time="2025-05-26T19:50:38.713284" level="INFO">${room_header_texts} = ['Room #', 'Type', 'Accessible', 'Price', 'Room details']</msg>
<var>${room_header_texts}</var>
<arg>[ele.text for ele in $elements]</arg>
<doc>Evaluates the given expression in Python and returns the result.</doc>
<status status="PASS" start="2025-05-26T19:50:38.694042" elapsed="0.019260"/>
</kw>
<kw name="Lists Should Be Equal" owner="Collections">
<arg>${room_header_texts}</arg>
<arg>${ROOM_COLUMN_NAMES}</arg>
<doc>Fails if given lists are unequal.</doc>
<status status="PASS" start="2025-05-26T19:50:38.713386" elapsed="0.000111"/>
</kw>
<status status="PASS" start="2025-05-26T19:50:38.043232" elapsed="0.670304"/>
</kw>
<kw name="Close Browser" owner="SeleniumLibrary" type="TEARDOWN">
<doc>Closes the current browser.</doc>
<status status="PASS" start="2025-05-26T19:50:38.713682" elapsed="0.071844"/>
</kw>
<tag>admin</tag>
<tag>ui-api</tag>
<tag>url-navigation</tag>
<status status="PASS" start="2025-05-26T19:50:35.443625" elapsed="3.341998"/>
</test>
<test id="s1-s2-s1-s2-t3" name="Report URL Navigation Test" line="32">
<kw name="Test Setup With Token Cookie" type="SETUP">
<kw name="Get Token From Authentication Endpoint" owner="RestfulBookerRestApi">
<kw name="Post On Session To Authentication Endpoint" owner="Authentication">
<variable name="${url}">
<msg time="2025-05-26T19:50:38.786711" level="INFO">${url} = api/auth/login</msg>
<var>${RB_REST_API}/${RB_REST_EXT.AUTH}</var>
<status status="PASS" start="2025-05-26T19:50:38.786445" elapsed="0.000282"/>
</variable>
<variable name="&amp;{json}">
<msg time="2025-05-26T19:50:38.786837" level="INFO">&amp;{json} = { username=admin | password=password }</msg>
<var>username=${username}</var>
<var>password=${password}</var>
<status status="PASS" start="2025-05-26T19:50:38.786753" elapsed="0.000096"/>
</variable>
<kw name="POST On Session" owner="RequestsLibrary">
<msg time="2025-05-26T19:50:38.939500" level="INFO">POST Request : url=https://automationintesting.online/api/auth/login 
 path_url=/api/auth/login 
 headers={'User-Agent': 'python-requests/2.32.3', 'Accept-Encoding': 'gzip, deflate', 'Accept': 'application/json', 'Connection': 'keep-alive', 'Content-Type': 'application/json', 'Content-Length': '45'} 
 body=b'{"username": "admin", "password": "password"}' 
 </msg>
<msg time="2025-05-26T19:50:38.939580" level="INFO">POST Response : url=https://automationintesting.online/api/auth/login 
 status=200, reason=OK 
 headers={'Date': 'Tue, 27 May 2025 00:50:38 GMT', 'Content-Type': 'application/json', 'Transfer-Encoding': 'chunked', 'Connection': 'keep-alive', 'Report-To': '{"group":"cf-nel","max_age":604800,"endpoints":[{"url":"https://a.nel.cloudflare.com/report/v4?s=yp2mROadtxs%2BH3LTed9OU58S78DDpbder8BYoYG8Q2NNDjgnpPtPXevJ8Q2ILpg7tDg2pJgrwHvGowqOCZXtjiVBEOt2nWnqBE7LtiyFLPu1SS7mFhZ2dA%3D%3D"}]}', 'Nel': '{"report_to":"cf-nel","success_fraction":0.0,"max_age":604800}', 'Cf-Cache-Status': 'DYNAMIC', 'Content-Encoding': 'gzip', 'Server': 'cloudflare', 'CF-RAY': '946184f098d68f45-ORD', 'alt-svc': 'h3=":443"; ma=86400'} 
 body={"token":"rYXQvIigjB5AhKui"} 
 </msg>
<msg time="2025-05-26T19:50:38.939688" level="INFO">${response} = &lt;Response [200]&gt;</msg>
<var>${response}</var>
<arg>${alias}</arg>
<arg>${url}</arg>
<arg>json=${json}</arg>
<doc>Sends a POST request on a previously created HTTP Session.</doc>
<status status="PASS" start="2025-05-26T19:50:38.786917" elapsed="0.152792"/>
</kw>
<return>
<value>${response}</value>
<status status="PASS" start="2025-05-26T19:50:38.939772" elapsed="0.000052"/>
</return>
<msg time="2025-05-26T19:50:38.939923" level="INFO">${response} = &lt;Response [200]&gt;</msg>
<var>${response}</var>
<arg>${alias}</arg>
<arg>${username}</arg>
<arg>${password}</arg>
<status status="PASS" start="2025-05-26T19:50:38.786336" elapsed="0.153603"/>
</kw>
<kw name="Get Token Cookie From Response" owner="Authentication">
<try>
<branch type="TRY">
<variable name="${cookie_dict}">
<msg time="2025-05-26T19:50:38.940714" level="INFO">${cookie_dict} = {'token': 'rYXQvIigjB5AhKui'}</msg>
<var>${response.json()}</var>
<status status="PASS" start="2025-05-26T19:50:38.940352" elapsed="0.000383"/>
</variable>
<status status="PASS" start="2025-05-26T19:50:38.940320" elapsed="0.000446"/>
[...]
<arg>${message}</arg>
<status status="PASS" start="2025-05-26T19:50:55.222268" elapsed="0.001381"/>
</kw>
<kw name="Verify Alert Box Message" owner="AlertBoxPageObject">
<kw name="Wait For Alert Box" owner="AlertBoxPageObject">
<kw name="Wait Until Element Is Visible" owner="SeleniumLibrary">
<arg>${ALERT_BOX}</arg>
<doc>Waits until the element ``locator`` is visible.</doc>
<status status="PASS" start="2025-05-26T19:50:55.223982" elapsed="0.003603"/>
</kw>
<status status="PASS" start="2025-05-26T19:50:55.223916" elapsed="0.003698"/>
</kw>
<if>
<branch type="IF" condition="${is_error_message}">
<kw name="Element Should Contain" owner="SeleniumLibrary">
<msg time="2025-05-26T19:50:55.231641" level="INFO">Element 'css=div.alert-danger' contains text 'Message may not be blank'.</msg>
<arg>${ALERT_BOX}</arg>
<arg>${error_message}</arg>
<doc>Verifies that element ``locator`` contains text ``expected``.</doc>
<status status="PASS" start="2025-05-26T19:50:55.227685" elapsed="0.003975"/>
</kw>
<status status="PASS" start="2025-05-26T19:50:55.227637" elapsed="0.004039"/>
</branch>
<branch type="ELSE">
<kw name="Element Should Not Contain" owner="SeleniumLibrary">
<arg>${ALERT_BOX}</arg>
<arg>${error_message}</arg>
<doc>Verifies that element ``locator`` does not contain text ``expected``.</doc>
<status status="NOT RUN" start="2025-05-26T19:50:55.231726" elapsed="0.000009"/>
</kw>
<status status="NOT RUN" start="2025-05-26T19:50:55.231689" elapsed="0.000059"/>
</branch>
<status status="PASS" start="2025-05-26T19:50:55.227630" elapsed="0.004128"/>
</if>
<arg>${is_nes}</arg>
<arg>${CONTACT_FORM_ALERTS.MESSAGE_BLANK}</arg>
<status status="PASS" start="2025-05-26T19:50:55.223708" elapsed="0.008066"/>
</kw>
<arg>${message}</arg>
<status status="PASS" start="2025-05-26T19:50:55.222147" elapsed="0.009644"/>
</kw>
<kw name="Verify Message Length Alerts" owner="ContactVerifications">
<kw name="Value Is Not Between Lengths" owner="ValueUtilities">
<kw name="Get Length" owner="BuiltIn">
<msg time="2025-05-26T19:50:55.232206" level="INFO">Length is 1.</msg>
<msg time="2025-05-26T19:50:55.232227" level="INFO">${value_length} = 1</msg>
<var>${value_length}</var>
<arg>${value}</arg>
<doc>Returns and logs the length of the given item as an integer.</doc>
<status status="PASS" start="2025-05-26T19:50:55.232172" elapsed="0.000063"/>
</kw>
<if>
<branch type="IF" condition="$value_length &lt; $min_length or $value_length &gt; $max_length">
<return>
<value>${True}</value>
<status status="PASS" start="2025-05-26T19:50:55.232308" elapsed="0.000011"/>
</return>
<status status="PASS" start="2025-05-26T19:50:55.232259" elapsed="0.000073"/>
</branch>
<status status="PASS" start="2025-05-26T19:50:55.232253" elapsed="0.000089"/>
</if>
<return>
<value>${False}</value>
<status status="NOT RUN" start="2025-05-26T19:50:55.232352" elapsed="0.000006"/>
</return>
<msg time="2025-05-26T19:50:55.232392" level="INFO">${is_error_message} = True</msg>
<var>${is_error_message}</var>
<arg>${message}</arg>
<arg>${20}</arg>
<arg>${2000}</arg>
<status status="PASS" start="2025-05-26T19:50:55.231932" elapsed="0.000468"/>
</kw>
<kw name="Verify Alert Box Message" owner="AlertBoxPageObject">
<kw name="Wait For Alert Box" owner="AlertBoxPageObject">
<kw name="Wait Until Element Is Visible" owner="SeleniumLibrary">
<arg>${ALERT_BOX}</arg>
<doc>Waits until the element ``locator`` is visible.</doc>
<status status="PASS" start="2025-05-26T19:50:55.232710" elapsed="0.003392"/>
</kw>
<status status="PASS" start="2025-05-26T19:50:55.232650" elapsed="0.003475"/>
</kw>
<if>
<branch type="IF" condition="${is_error_message}">
<kw name="Element Should Contain" owner="SeleniumLibrary">
<msg time="2025-05-26T19:50:55.240107" level="INFO">Element 'css=div.alert-danger' contains text 'Message must be between 20 and 2000 characters.'.</msg>
<arg>${ALERT_BOX}</arg>
<arg>${error_message}</arg>
<doc>Verifies that element ``locator`` contains text ``expected``.</doc>
<status status="PASS" start="2025-05-26T19:50:55.236191" elapsed="0.003934"/>
</kw>
<status status="PASS" start="2025-05-26T19:50:55.236145" elapsed="0.003996"/>
</branch>
<branch type="ELSE">
<kw name="Element Should Not Contain" owner="SeleniumLibrary">
<arg>${ALERT_BOX}</arg>
<arg>${error_message}</arg>
<doc>Verifies that element ``locator`` does not contain text ``expected``.</doc>
<status status="NOT RUN" start="2025-05-26T19:50:55.240188" elapsed="0.000008"/>
</kw>
<status status="NOT RUN" start="2025-05-26T19:50:55.240152" elapsed="0.000057"/>
</branch>
<status status="PASS" start="2025-05-26T19:50:55.236140" elapsed="0.004079"/>
</if>
<arg>${is_error_message}</arg>
<arg>error_message=${CONTACT_FORM_ALERTS.MESSAGE_LENGTH}</arg>
<status status="PASS" start="2025-05-26T19:50:55.232455" elapsed="0.007779"/>
</kw>
<arg>${message}</arg>
<status status="PASS" start="2025-05-26T19:50:55.231833" elapsed="0.008417"/>
</kw>
<arg>${name}</arg>
<arg>${email}</arg>
<arg>${phone}</arg>
<arg>${subject}</arg>
<arg>${message}</arg>
<status status="PASS" start="2025-05-26T19:50:54.922703" elapsed="0.317564"/>
</kw>
<kw name="Close Browser" owner="SeleniumLibrary" type="TEARDOWN">
<doc>Closes the current browser.</doc>
<status status="PASS" start="2025-05-26T19:50:55.240329" elapsed="0.070015"/>
</kw>
<arg>${NONE}</arg>
<arg>c@com.co</arg>
<arg>${SPACE*11}</arg>
<arg>${EMPTY}</arg>
<arg>${SPACE}</arg>
<status status="PASS" start="2025-05-26T19:50:52.763773" elapsed="2.546648"/>
</kw>
<tag>contact-message</tag>
<tag>customer</tag>
<tag>error-messages</tag>
<tag>ui-api</tag>
<status status="PASS" start="2025-05-26T19:50:47.493894" elapsed="7.816668"/>
</test>
<kw name="Close All Browsers" owner="SeleniumLibrary" type="TEARDOWN">
<doc>Closes all open browsers and resets the browser cache.</doc>
<status status="PASS" start="2025-05-26T19:50:55.310809" elapsed="0.000080"/>
</kw>
<doc>Example test file.</doc>
<status status="PASS" start="2025-05-26T19:50:47.486805" elapsed="7.824104"/>
</suite>
<suite id="s1-s2-s2-s2" name="ContactMessageTest" source="/Users/kelbystine/GitHub/building-test-project-tutorial/Tests/UI/CustomerTests/ContactMessageTest.robot">
<test id="s1-s2-s2-s2-t1" name="Verify Confirmation Message After Submitting Message" line="24">
<kw name="New Web Browser" owner="Selenium" type="SETUP">
<kw name="Log" owner="BuiltIn">
<msg time="2025-05-26T19:50:55.314040" level="INFO">Opening url: https://automationintesting.online with browser: Chrome.</msg>
<arg>Opening url: ${BOOKING_URL} with browser: ${BROWSER}.</arg>
<arg>CONSOLE</arg>
<doc>Logs the given message with the given level.</doc>
<status status="PASS" start="2025-05-26T19:50:55.313971" elapsed="0.000092"/>
</kw>
<kw name="Open Browser" owner="SeleniumLibrary">
<msg time="2025-05-26T19:50:55.314204" level="INFO">Opening browser 'Chrome' to base url 'https://automationintesting.online'.</msg>
<arg>url=${BOOKING_URL}</arg>
<arg>browser=${BROWSER}</arg>
<doc>Opens a new browser instance to the optional ``url``.</doc>
<status status="PASS" start="2025-05-26T19:50:55.314125" elapsed="0.910203"/>
</kw>
<status status="PASS" start="2025-05-26T19:50:55.313882" elapsed="0.911329"/>
</kw>
<kw name="Click &quot;Contact&quot; Navbar Link" owner="CustomerNavbar" source_name="Click &quot;${link_text}&quot; Navbar Link">
<kw name="Get From Dictionary" owner="Collections">
<msg time="2025-05-26T19:50:56.227643" level="INFO">${href} = /#contact</msg>
<var>${href}</var>
<arg>${CUSTOMER_NAVBAR_LINKS}</arg>
<arg>${link_text}</arg>
<arg>${EMPTY}</arg>
<doc>Returns a value from the given ``dictionary`` based on the given ``key``.</doc>
<status status="PASS" start="2025-05-26T19:50:56.226869" elapsed="0.000814"/>
</kw>
<variable name="${navbar_link}">
<msg time="2025-05-26T19:50:56.227911" level="INFO">${navbar_link} = xpath://li/a[contains(@href, "/#contact")][text()="Contact"]</msg>
<var>xpath://li/a[contains(@href, "${href}")][text()="${link_text}"]</var>
<status status="PASS" start="2025-05-26T19:50:56.227763" elapsed="0.000171"/>
</variable>
<kw name="Wait Until Element Is Visible" owner="SeleniumLibrary">
<arg>${navbar_link}</arg>
<doc>Waits until the element ``locator`` is visible.</doc>
<status status="PASS" start="2025-05-26T19:50:56.228068" elapsed="0.872322"/>
</kw>
<kw name="Click Element" owner="SeleniumLibrary">
<msg time="2025-05-26T19:50:57.100783" level="INFO">Clicking element 'xpath://li/a[contains(@href, "/#contact")][text()="Contact"]'.</msg>
<arg>${navbar_link}</arg>
<doc>Click the element identified by ``locator``.</doc>
<status status="PASS" start="2025-05-26T19:50:57.100612" elapsed="0.030325"/>
</kw>
<kw name="Wait Until Location Is" owner="SeleniumLibrary">
<arg>${BOOKING_URL}${href}</arg>
<doc>Waits until the current URL is ``expected``.</doc>
<status status="PASS" start="2025-05-26T19:50:57.131087" elapsed="0.001846"/>
</kw>
<status status="PASS" start="2025-05-26T19:50:56.226338" elapsed="0.906661"/>
</kw>
<kw name="Scroll Contact Submit Button Into View" owner="ContactPageObject">
<kw name="Scroll Element Into View" owner="SeleniumLibrary">
<arg>${CONTACT_FORM_SUBMIT_BUTTON}</arg>
<doc>Scrolls the element identified by ``locator`` into view.</doc>
<status status="PASS" start="2025-05-26T19:50:57.133275" elapsed="0.265797"/>
</kw>
<status status="PASS" start="2025-05-26T19:50:57.133127" elapsed="0.266277"/>
</kw>
<kw name="Enter Name Into Contact Form" owner="ContactPageObject">
<variable name="${name_input}">
<msg time="2025-05-26T19:50:57.400647" level="INFO">${name_input} = css=input[id="name"]</msg>
<var>css=input[id="name"]</var>
<status status="PASS" start="2025-05-26T19:50:57.400526" elapsed="0.000156"/>
</variable>
<kw name="Wait Until Element Is Visible" owner="SeleniumLibrary">
<arg>${name_input}</arg>
<doc>Waits until the element ``locator`` is visible.</doc>
<status status="PASS" start="2025-05-26T19:50:57.400890" elapsed="0.014942"/>
</kw>
<kw name="Input Text" owner="SeleniumLibrary">
<msg time="2025-05-26T19:50:57.416163" level="INFO">Typing text 'Bob Builder' into text field 'css=input[id="name"]'.</msg>
<arg>${name_input}</arg>
<arg>${name}</arg>
<doc>Types the given ``text`` into the text field identified by ``locator``.</doc>
<status status="PASS" start="2025-05-26T19:50:57.415980" elapsed="0.088056"/>
</kw>
<arg>${MESSAGE_BODY}[name]</arg>
<status status="PASS" start="2025-05-26T19:50:57.400060" elapsed="0.104059"/>
</kw>
<kw name="Enter Email Into Contact Form" owner="ContactPageObject">
<variable name="${email_input}">
<msg time="2025-05-26T19:50:57.504449" level="INFO">${email_input} = css=input[id="email"]</msg>
<var>css=input[id="email"]</var>
<status status="PASS" start="2025-05-26T19:50:57.504409" elapsed="0.000054"/>
</variable>
<kw name="Wait Until Element Is Visible" owner="SeleniumLibrary">
<arg>${email_input}</arg>
<doc>Waits until the element ``locator`` is visible.</doc>
<status status="PASS" start="2025-05-26T19:50:57.504531" elapsed="0.006348"/>
</kw>
<kw name="Input Text" owner="SeleniumLibrary">
<msg time="2025-05-26T19:50:57.511119" level="INFO">Typing text 'bob@builder.com' into text field 'css=input[id="email"]'.</msg>
<arg>${email_input}</arg>
<arg>${email}</arg>
<doc>Types the given ``text`` into the text field identified by ``locator``.</doc>
<status status="PASS" start="2025-05-26T19:50:57.510996" elapsed="0.025023"/>
</kw>
<arg>${MESSAGE_BODY}[email]</arg>
<status status="PASS" start="2025-05-26T19:50:57.504264" elapsed="0.031818"/>
</kw>
<kw name="Enter Phone Into Contact Form" owner="ContactPageObject">
<variable name="${phone_input}">
<msg time="2025-05-26T19:50:57.536366" level="INFO">${phone_input} = css=input[id="phone"]</msg>
<var>css=input[id="phone"]</var>
<status status="PASS" start="2025-05-26T19:50:57.536332" elapsed="0.000046"/>
</variable>
<kw name="Wait Until Element Is Visible" owner="SeleniumLibrary">
<arg>${phone_input}</arg>
<doc>Waits until the element ``locator`` is visible.</doc>
<status status="PASS" start="2025-05-26T19:50:57.536441" elapsed="0.005726"/>
</kw>
<kw name="Input Text" owner="SeleniumLibrary">
<msg time="2025-05-26T19:50:57.542305" level="INFO">Typing text '05552312222' into text field 'css=input[id="phone"]'.</msg>
<arg>${phone_input}</arg>
<arg>${phone}</arg>
<doc>Types the given ``text`` into the text field identified by ``locator``.</doc>
<status status="PASS" start="2025-05-26T19:50:57.542226" elapsed="0.023245"/>
</kw>
<arg>${MESSAGE_BODY}[phone]</arg>
<status status="PASS" start="2025-05-26T19:50:57.536213" elapsed="0.029318"/>
</kw>
<kw name="Enter Subject Into Contact Form" owner="ContactPageObject">
<variable name="${subject_input}">
<msg time="2025-05-26T19:50:57.565827" level="INFO">${subject_input} = css=input[id="subject"]</msg>
<var>css=input[id="subject"]</var>
<status status="PASS" start="2025-05-26T19:50:57.565794" elapsed="0.000044"/>
</variable>
<kw name="Wait Until Element Is Visible" owner="SeleniumLibrary">
<arg>${subject_input}</arg>
<doc>Waits until the element ``locator`` is visible.</doc>
<status status="PASS" start="2025-05-26T19:50:57.565894" elapsed="0.005200"/>
</kw>
<kw name="Input Text" owner="SeleniumLibrary">
<msg time="2025-05-26T19:50:57.571224" level="INFO">Typing text 'Building things' into text field 'css=input[id="subject"]'.</msg>
<arg>${subject_input}</arg>
<arg>${subject}</arg>
<doc>Types the given ``text`` into the text field identified by ``locator``.</doc>
<status status="PASS" start="2025-05-26T19:50:57.571148" elapsed="0.022286"/>
</kw>
<arg>${MESSAGE_BODY}[subject]</arg>
<status status="PASS" start="2025-05-26T19:50:57.565675" elapsed="0.027813"/>
</kw>
<kw name="Enter Message Into Contact Form" owner="ContactPageObject">
<variable name="${message_textarea}">
<msg time="2025-05-26T19:50:57.593768" level="INFO">${message_textarea} = css=textarea[id="description"]</msg>
<var>css=textarea[id="description"]</var>
<status status="PASS" start="2025-05-26T19:50:57.593735" elapsed="0.000043"/>
</variable>
<kw name="Wait Until Element Is Visible" owner="SeleniumLibrary">
<arg>${message_textarea}</arg>
<doc>Waits until the element ``locator`` is visible.</doc>
<status status="PASS" start="2025-05-26T19:50:57.593835" elapsed="0.006375"/>
</kw>
<kw name="Input Text" owner="SeleniumLibrary">
<msg time="2025-05-26T19:50:57.600446" level="INFO">Typing text 'I am a very lengthy sentence and would love to know more about building hotels.' into text field 'css=textarea[id="description"]'.</msg>
<arg>${message_textarea}</arg>
<arg>${message}</arg>
<doc>Types the given ``text`` into the text field identified by ``locator``.</doc>
<status status="PASS" start="2025-05-26T19:50:57.600329" elapsed="0.032748"/>
</kw>
<arg>${MESSAGE_BODY}[description]</arg>
<status status="PASS" start="2025-05-26T19:50:57.593622" elapsed="0.039528"/>
</kw>
<kw name="Click Submit Button On The Contact Form" owner="ContactPageObject">
<kw name="Wait Until Element Is Visible" owner="SeleniumLibrary">
<arg>${CONTACT_FORM_SUBMIT_BUTTON}</arg>
<doc>Waits until the element ``locator`` is visible.</doc>
<status status="PASS" start="2025-05-26T19:50:57.633429" elapsed="0.004384"/>
</kw>
<kw name="Click Element" owner="SeleniumLibrary">
<msg time="2025-05-26T19:50:57.637931" level="INFO">Clicking element 'xpath=//button[text()="Submit"]'.</msg>
<arg>${CONTACT_FORM_SUBMIT_BUTTON}</arg>
<doc>Click the element identified by ``locator``.</doc>
<status status="PASS" start="2025-05-26T19:50:57.637867" elapsed="0.019034"/>
</kw>
<status status="PASS" start="2025-05-26T19:50:57.633292" elapsed="0.023665"/>
</kw>
<kw name="Verify Confirmation Message After Submitting Message" owner="ContactVerifications">
<kw name="Wait Until Page Contains" owner="SeleniumLibrary">
<arg>Thanks for getting in touch ${name}!</arg>
<doc>Waits until ``text`` appears on the current page.</doc>
<status status="PASS" start="2025-05-26T19:50:57.657262" elapsed="0.208934"/>
</kw>
<kw name="Element Should Contain" owner="SeleniumLibrary">
<msg time="2025-05-26T19:50:57.877488" level="INFO">Element 'css=#contact &gt; div.container p:nth-child(2)' contains text 'We'll get back to you about'.</msg>
<arg>${CONFIRMATION_MESSAGE}[GET_BACK]</arg>
<arg>${CONFIRMATION_MESSAGE}[GET_BACK_TEXT]</arg>
<doc>Verifies that element ``locator`` contains text ``expected``.</doc>
<status status="PASS" start="2025-05-26T19:50:57.866363" elapsed="0.011169"/>
</kw>
<kw name="Element Should Contain" owner="SeleniumLibrary">
<msg time="2025-05-26T19:50:57.884898" level="INFO">Element 'css=#contact &gt; div.container p:nth-child(3)' contains text 'Building things'.</msg>
<arg>${CONFIRMATION_MESSAGE}[SUBJECT]</arg>
<arg>${subject}</arg>
<doc>Verifies that element ``locator`` contains text ``expected``.</doc>
<status status="PASS" start="2025-05-26T19:50:57.877681" elapsed="0.007259"/>
</kw>
<kw name="Element Should Contain" owner="SeleniumLibrary">
<msg time="2025-05-26T19:50:57.891972" level="INFO">Element 'css=#contact &gt; div.container p:nth-child(4)' contains text 'as soon as possible.'.</msg>
<arg>${CONFIRMATION_MESSAGE}[ASAP]</arg>
<arg>${CONFIRMATION_MESSAGE}[ASAP_TEXT]</arg>
<doc>Verifies that element ``locator`` contains text ``expected``.</doc>
<status status="PASS" start="2025-05-26T19:50:57.885021" elapsed="0.006983"/>
</kw>
<arg>${MESSAGE_BODY}[name]</arg>
<arg>${MESSAGE_BODY}[subject]</arg>
<status status="PASS" start="2025-05-26T19:50:57.657106" elapsed="0.234940"/>
</kw>
<kw name="Close Browser" owner="SeleniumLibrary" type="TEARDOWN">
<doc>Closes the current browser.</doc>
<status status="PASS" start="2025-05-26T19:50:57.892196" elapsed="0.071845"/>
</kw>
<tag>contact-message</tag>
<tag>customer</tag>
<tag>happy-path</tag>
<tag>ui-api</tag>
<status status="PASS" start="2025-05-26T19:50:55.313715" elapsed="2.650432"/>
</test>
<kw name="Close All Browsers" owner="SeleniumLibrary" type="TEARDOWN">
<doc>Closes all open browsers and resets the browser cache.</doc>
<status status="PASS" start="2025-05-26T19:50:57.964402" elapsed="0.000078"/>
</kw>
<doc>Example test file.</doc>
<status status="PASS" start="2025-05-26T19:50:55.311132" elapsed="2.653371"/>
</suite>
<status status="PASS" start="2025-05-26T19:50:47.486123" elapsed="10.478625"/>
</suite>
<status status="PASS" start="2025-05-26T19:50:18.764667" elapsed="39.200250"/>
</suite>
<status status="PASS" start="2025-05-26T19:50:16.576479" elapsed="41.388607"/>
</suite>
<statistics>
<total>
<stat pass="9" fail="0" skip="0">All Tests</stat>
</total>
<tag>
<stat pass="7" fail="0" skip="0">admin</stat>
<stat pass="3" fail="0" skip="0">contact-message</stat>
<stat pass="2" fail="0" skip="0">customer</stat>
<stat pass="1" fail="0" skip="0">error-messages</stat>
<stat pass="2" fail="0" skip="0">happy-path</stat>
<stat pass="1" fail="0" skip="0">menu-tour</stat>
<stat pass="1" fail="0" skip="0">rest-api</stat>
<stat pass="8" fail="0" skip="0">ui-api</stat>
<stat pass="5" fail="0" skip="0">url-navigation</stat>
</tag>
<suite>
<stat name="Tests" id="s1" pass="9" fail="0" skip="0">Tests</stat>
<stat name="REST" id="s1-s1" pass="1" fail="0" skip="0">Tests.REST</stat>
<stat name="ContactMessageTest" id="s1-s1-s1" pass="1" fail="0" skip="0">Tests.REST.ContactMessageTest</stat>
<stat name="UI" id="s1-s2" pass="8" fail="0" skip="0">Tests.UI</stat>
<stat name="AdminTests" id="s1-s2-s1" pass="6" fail="0" skip="0">Tests.UI.AdminTests</stat>
<stat name="AdminMenuPermissionsTest" id="s1-s2-s1-s1" pass="1" fail="0" skip="0">Tests.UI.AdminTests.AdminMenuPermissionsTest</stat>
<stat name="URLNavigationTest" id="s1-s2-s1-s2" pass="5" fail="0" skip="0">Tests.UI.AdminTests.URLNavigationTest</stat>
<stat name="CustomerTests" id="s1-s2-s2" pass="2" fail="0" skip="0">Tests.UI.CustomerTests</stat>
<stat name="ContactMessageErrorsTest" id="s1-s2-s2-s1" pass="1" fail="0" skip="0">Tests.UI.CustomerTests.ContactMessageErrorsTest</stat>
<stat name="ContactMessageTest" id="s1-s2-s2-s2" pass="1" fail="0" skip="0">Tests.UI.CustomerTests.ContactMessageTest</stat>
</suite>
</statistics>
<errors>
</errors>
</robot>
