<?xml version="1.0" encoding="UTF-8"?>
<robot generator="Robot 7.3.2 (Python 3.12.1 on linux)" generated="2025-07-31T18:26:25.831422" rpa="false" schemaversion="5">
<suite id="s1" name="Tests" source="/workspaces/robotframework-project-template/Tests">
<suite id="s1-s1" name="BrowserTest" source="/workspaces/robotframework-project-template/Tests/BrowserTest.robot">
<test id="s1-s1-t1" name="Browser Test" line="6">
<kw name="New Browser" owner="Browser">
<msg time="2025-07-31T18:26:25.969800" level="INFO">{"browser": "chromium", "headless": true, "chromiumSandbox": false, "devtools": false, "handleSIGHUP": true, "handleSIGINT": true, "handleSIGTERM": true, "slowMo": 0.0, "timeout": 30000.0, "tracesDir": "/workspaces/robotframework-project-template/Results/browser/traces/temp/2d399005-6b27-486c-9df9-5a2ac089aea3"}</msg>
<msg time="2025-07-31T18:26:25.976436" level="INFO">Starting Browser process /home/codespace/.cache/pypoetry/virtualenvs/robotframework-project-template-yXHgfaSt-py3.12/lib/python3.12/site-packages/Browser/wrapper/index.js using at 127.0.0.1:52043</msg>
<msg time="2025-07-31T18:26:26.628859" level="INFO">Successfully created browser with options: {"browser":"chromium","headless":true,"chromiumSandbox":false,"devtools":false,"handleSIGHUP":true,"handleSIGINT":true,"handleSIGTERM":true,"slowMo":0,"timeout":30000,"tracesDir":"/workspaces/robotframework-project-template/Results/browser/traces/temp/2d399005-6b27-486c-9df9-5a2ac089aea3"}</msg>
<tag>BrowserControl</tag>
<tag>Setter</tag>
<doc>Create a new playwright Browser with specified options.</doc>
<status status="PASS" start="2025-07-31T18:26:25.969028" elapsed="0.660131"/>
</kw>
<kw name="New Page" owner="Browser">
<msg time="2025-07-31T18:26:27.311514" level="INFO">Successfully initialized new page object and opened url: https://www.google.com</msg>
<msg time="2025-07-31T18:26:27.311634" level="INFO">No context was open. New context was automatically opened when this page is created.</msg>
<arg>https://www.google.com</arg>
<tag>BrowserControl</tag>
<tag>Setter</tag>
<doc>Open a new Page.</doc>
<status status="PASS" start="2025-07-31T18:26:26.629858" elapsed="0.681989"/>
</kw>
<kw name="Take Screenshot" owner="Browser">
<msg time="2025-07-31T18:26:27.449369" level="INFO" html="true">&lt;/td&gt;&lt;/tr&gt;&lt;tr&gt;&lt;td colspan="3"&gt;&lt;a href="browser/screenshot/robotframework-browser-screenshot-1.png" target="_blank"&gt;&lt;img src="browser/screenshot/robotframework-browser-screenshot-1.png" width="800px"/&gt;&lt;/a&gt;</msg>
<tag>PageContent</tag>
<doc>Takes a screenshot of the current window or element and saves it to disk.</doc>
<status status="PASS" start="2025-07-31T18:26:27.314999" elapsed="0.134607"/>
</kw>
<msg time="2025-07-31T18:26:27.469690" level="INFO">Switching context to context=13de0047-2f12-4822-a953-494204ab4634 in CURRENT</msg>
<msg time="2025-07-31T18:26:27.478705" level="INFO">Successfully changed active context: context=13de0047-2f12-4822-a953-494204ab4634</msg>
<msg time="2025-07-31T18:26:27.489610" level="INFO">Successfully closed Context</msg>
<status status="PASS" start="2025-07-31T18:26:25.967742" elapsed="1.482317"/>
</test>
<status status="PASS" start="2025-07-31T18:26:25.847679" elapsed="1.642689"/>
</suite>
<suite id="s1-s2" name="RequestsTest" source="/workspaces/robotframework-project-template/Tests/RequestsTest.robot">
<test id="s1-s2-t1" name="Google Test" line="6">
<kw name="GET" owner="RequestsLibrary">
<msg time="2025-07-31T18:26:27.631158" level="INFO">GET Request : url=https://www.google.com/ 
 path_url=/ 
 headers={'User-Agent': 'python-requests/2.32.4', 'Accept-Encoding': 'gzip, deflate', 'Accept': '*/*', 'Connection': 'keep-alive'} 
 body=None 
 </msg>
<msg time="2025-07-31T18:26:27.631284" level="INFO">GET Response : url=https://www.google.com/ 
 status=200, reason=OK 
 headers={'Date': 'Thu, 31 Jul 2025 18:26:27 GMT', 'Expires': '-1', 'Cache-Control': 'private, max-age=0', 'Content-Type': 'text/html; charset=ISO-8859-1', 'Content-Security-Policy-Report-Only': "object-src 'none';base-uri 'self';script-src 'nonce-fo17yzy4WG-ndIzB4wgfWQ' 'strict-dynamic' 'report-sample' 'unsafe-eval' 'unsafe-inline' https: http:;report-uri https://csp.withgoogle.com/csp/gws/other-hp", 'Accept-CH': 'Sec-CH-Prefers-Color-Scheme', 'P3P': 'CP="This is not a P3P policy! See g.co/p3phelp for more info."', 'Content-Encoding': 'gzip', 'Server': 'gws', 'X-XSS-Protection': '0', 'X-Frame-Options': 'SAMEORIGIN', 'Set-Cookie': 'AEC=AVh_V2h79I8RizVeZejmjQ61aWCATTyxPrWp26lm-qgPtcqGwRG8t5enWB4; expires=Tue, 27-Jan-2026 18:26:27 GMT; path=/; domain=.google.com; Secure; HttpOnly; SameSite=lax, NID=525=EpmbgJ-XdpETqrjZFCHBxO-osSX2xpy9Ehy0GRNtjvKVMaYmTVHQhzyrTdm7fUlpP6GZRH7Zwu0WBWJCoC_FVt8yLeclsxh88CazNotnmu2g7CCcK84y1jeD6MB_xYkSZSi8u63unm3ZwCI-4dVgdN5UzM7y-BkC8zc2fFOKF1iyDoTUv7XUBvmBA-Biq9yS0URCG2H4IDRgHk-DtWYNtno; expires=Fri, 30-Jan-2026 18:26:27 GMT; path=/; domain=.google.com; HttpOnly', 'Alt-Svc': 'h3=":443"; ma=2592000,h3-29=":443"; ma=2592000', 'Transfer-Encoding': 'chunked'} 
 body=&lt;!doctype html&gt;&lt;html itemscope="" itemtype="http://schema.org/WebPage" lang="en"&gt;&lt;head&gt;&lt;meta content="Search the world's information, including webpages, images, videos and more. Google has many special features to help you find exactly what you're looking for." name="description"&gt;&lt;meta content="noodp, " name="robots"&gt;&lt;meta content="text/html; charset=UTF-8" http-equiv="Content-Type"&gt;&lt;meta content="/images/branding/googleg/1x/googleg_standard_color_128dp.png" itemprop="image"&gt;&lt;title&gt;Google&lt;/title&gt;&lt;script nonce="fo17yzy4WG-ndIzB4wgfWQ"&gt;(function(){var _g={kEI:'U7WLaL6jJ5ml5NoP3NuJ0Qo',kEXPI:'0,202854,2,38,3497413,1077,538661,14111,34680,30022,360901,219813,18646,8860,42725,5241681,564,62040760,117306,6682,14280,14115,8453,54054,2656,3438,3319,23879,9139,4599,328,6225,50576,13589,15048,8211,893,1,2,2390,4134,30380,28333,48318,5895,352,10731,8149,5870,7707,7,5773,1202,13829,12581,4719,11805,3261,2990,28,7,1,1293,2126,2863,1,2674,3296,4650,2360,9747,5683,3604,13806,3959,7,1,2729,628,5804,711,4937,1721,2100,650,677,3545,1,4,4530,1216,3,1470,3858,1658,54,41,1857,4,489,2489,1,3459,2,217,3967,3,4,487,764,127,601,1032,939,6,633,4187,671,380,3596,1412,4355,934,981,731,98,5,4,1,320,1818,3285,667,27,3,2229,129,744,2503,1,3,5075,963,3,2,2,2,1331,4921,4,106,2990,2714,690,1569,2632,360,3062,1152,129,336,254,1,2,1380,31,104,2182,583,1,305,480,341,520,125,98,1902,45,669,407,151,422,1022,112,2,536,811,5,2,680,128,1669,5,5,1410,312,18,6,977,2040,2444,1139,479,3,9,1,300,17,131,1508,79,3,659,786,4,638,330,496,2,534,132,130,15,1,736,162,169,131,1,3,90,605,709,131,2,23,496,493,1,100,2,1589,3,6,64,1190,188,237,148,199,1453,3,3,818,133,11,9,43,995,3,2136,13,782,972,2161,3,309,73,10,905,1,1,28,206,1170,2,509,3,2,2,2,771,58,48,120,73,1,445,516,256,138,24,325,160,104,100,45,111,131,122,110,5,282,2,4,72,1,915,248,320,163,102,353,252,222,8,345,201,3,595,185,168,187,2,5,5,108,18,804,3,740,313,231,1,1498,28,7,111,3,111,432,15,167,495,536,6,5,65,545,71,616,534,512,35,269,59,498,9,117,18,889,16,939,160,1,1,1,856,735,630,1463,429,21189774,1717,7635,5,2992,4,2701,259,3,1307,6577,607,2,706,852,3,231,2211,3,1722,6,200,63,40,2157,1681,150,199,2,2,288,146,610,1373,8488415,1940,26106,569,547126,1287668',kBL:'13QQ',kOPI:89978449};(function(){var a;((a=window.google)==null?0:a.stvsc)?google.kEI=_g.kEI:window.google=_g;}).call(this);})();(function(){google.sn='webhp';google.kHL='en';})();(function(){
var g=this||self;function k(){return window.google&amp;&amp;window.google.kOPI||null};var l,m=[];function n(a){for(var b;a&amp;&amp;(!a.getAttribute||!(b=a.getAttribute("eid")));)a=a.parentNode;return b||l}function p(a){for(var b=null;a&amp;&amp;(!a.getAttribute||!(b=a.getAttribute("leid")));)a=a.parentNode;return b}function q(a){/^http:/i.test(a)&amp;&amp;window.location.protocol==="https:"&amp;&amp;(google.ml&amp;&amp;google.ml(Error("a"),!1,{src:a,glmm:1}),a="");return a}
function r(a,b,d,c,h){var e="";b.search("&amp;ei=")===-1&amp;&amp;(e="&amp;ei="+n(c),b.search("&amp;lei=")===-1&amp;&amp;(c=p(c))&amp;&amp;(e+="&amp;lei="+c));var f=b.search("&amp;cshid=")===-1&amp;&amp;a!=="slh";c="&amp;zx="+Date.now().toString();g._cshid&amp;&amp;f&amp;&amp;(c+="&amp;cshid="+g._cshid);(d=d())&amp;&amp;(c+="&amp;opi="+d);return"/"+(h||"gen_204")+"?atyp=i&amp;ct="+String(a)+"&amp;cad="+(b+e+c)};l=google.kEI;google.getEI=n;google.getLEI=p;google.ml=function(){return null};google.log=function(a,b,d,c,h,e){e=e===void 0?k:e;d||(d=r(a,b,e,c,h));if(d=q(d)){a=new Image;var f=m.length;m[f]=a;a.onerror=a.onload=a.onabort=function(){delete m[f]};a.src=d}};google.logUrl=function(a,b){b=b===void 0?k:b;return r("",a,b)};}).call(this);(function(){google.y={};google.sy={};function e(a,b,c){if(a)var d=a.id;else{do d=Math.random();while(c[d])}c[d]=[a,b]}var f;(f=google).x||(f.x=function(a,b){e(a,b,google.y)});var g;(g=google).sx||(g.sx=function(a,b){e(a,b,google.sy)});google.lm=[];var h;(h=google).plm||(h.plm=function(a){google.lm.push.apply(google.lm,a)});google.lq=[];var k;(k=google).load||(k.load=function(a,b,c){google.lq.push([[a],b,c])});var l;(l=google).loadAll||(l.loadAll=function(a,b){google.lq.push([a,b])});google.bx=!1;var m;(m=google).lx||(m.lx=function(){});var n=[],p;(p=google).fce||(p.fce=function(a,b,c,d){n.push([a,b,c,d])});google.qce=n;google.adl=[];}).call(this);google.f={};(function(){
document.documentElement.addEventListener("submit",function(b){var a;if(a=b.target){var c=a.getAttribute("data-submitfalse");a=c==="1"||c==="q"&amp;&amp;!a.elements.q.value?!0:!1}else a=!1;a&amp;&amp;(b.preventDefault(),b.stopPropagation())},!0);document.documentElement.addEventListener("click",function(b){var a;a:{for(a=b.target;a&amp;&amp;a!==document.documentElement;a=a.parentElement)if(a.tagName==="A"){a=a.getAttribute("data-nohref")==="1";break a}a=!1}a&amp;&amp;b.preventDefault()},!0);}).call(this);&lt;/script&gt;&lt;style&gt;#gbar,#guser{font-size:13px;padding-top:1px !important;}#gbar{height:22px}#guser{padding-bottom:7px !important;text-align:right}.gbh,.gbd{border-top:1px solid #c9d7f1;font-size:1px}.gbh{height:0;position:absolute;top:24px;width:100%}@media all{.gb1{height:22px;margin-right:.5em;vertical-align:top}#gbar{float:left}}a.gb1,a.gb4{text-decoration:underline !important}a.gb1,a.gb4{color:#00c !important}.gbi .gb4{color:#dd8e27 !important}.gbf .gb4{color:#900 !important}
&lt;/style&gt;&lt;style&gt;body,td,a,p,.h{font-family:sans-serif}body{margin:0;overflow-y:scroll}#gog{padding:3px 8px 0}td{line-height:.8em}.gac_m td{line-height:17px}form{margin-bottom:20px}.h{color:#1967d2}em{font-weight:bold;font-style:normal}.lst{height:25px;width:496px}.gsfi,.lst{font:18px sans-serif}.gsfs{font:17px sans-serif}.ds{display:inline-box;display:inline-block;margin:3px 0 4px;margin-left:4px}input{font-family:inherit}body{background:#fff;color:#1f1f1f}a{color:#681da8;text-decoration:none}a:hover,a:active{text-decoration:underline}.fl a{color:#1967d2}a:visited{color:#681da8}.sblc{padding-top:5px}.sblc a{display:block;margin:2px 0;margin-left:13px;font-size:11px}.lsbb{background:#f8f9fa;border:solid 1px;border-color:#dadce0 #70757a #70757a #dadce0;height:30px}.lsbb{display:block}#WqQANb a{display:inline-block;margin:0 12px}.lsb{background:url(/images/nav_logo229.png) 0 -261px repeat-x;color:#1f1f1f;border:none;cursor:pointer;height:30px;margin:0;outline:0;font:15px sans-serif;vertical-align:top}.lsb:active{background:#dadce0}.lst:focus{outline:none}&lt;/style&gt;&lt;script nonce="fo17yzy4WG-ndIzB4wgfWQ"&gt;(function(){window.google.erd={jsr:1,bv:2262,de:true,dpf:'5L4h1EWYlmjr2bdwQYdlRqzxUjAnKfqY06PMrnvqw-o'};
var g=this||self;var k,l=(k=g.mei)!=null?k:1,m,p=(m=g.diel)!=null?m:0,q,r=(q=g.sdo)!=null?q:!0,t=0,u,w=google.erd,x=w.jsr;google.ml=function(a,b,d,n,e){e=e===void 0?2:e;b&amp;&amp;(u=a&amp;&amp;a.message);d===void 0&amp;&amp;(d={});d.cad="ple_"+google.ple+".aple_"+google.aple;if(google.dl)return google.dl(a,e,d,!0),null;b=d;if(x&lt;0){window.console&amp;&amp;console.error(a,b);if(x===-2)throw a;b=!1}else b=!a||!a.message||a.message==="Error loading script"||t&gt;=l&amp;&amp;!n?!1:!0;if(!b)return null;t++;d=d||{};b=encodeURIComponent;var c="/gen_204?atyp=i&amp;ei="+b(google.kEI);google.kEXPI&amp;&amp;(c+="&amp;jexpid="+b(google.kEXPI));c+="&amp;srcpg="+b(google.sn)+"&amp;jsr="+b(w.jsr)+
"&amp;bver="+b(w.bv);w.dpf&amp;&amp;(c+="&amp;dpf="+b(w.dpf));var f=a.lineNumber;f!==void 0&amp;&amp;(c+="&amp;line="+f);var h=a.fileName;h&amp;&amp;(h.indexOf("-extension:/")&gt;0&amp;&amp;(e=3),c+="&amp;script="+b(h),f&amp;&amp;h===window.location.href&amp;&amp;(f=document.documentElement.outerHTML.split("\n")[f],c+="&amp;cad="+b(f?f.substring(0,300):"No script found.")));google.ple&amp;&amp;google.ple===1&amp;&amp;(e=2);c+="&amp;jsel="+e;for(var v in d)c+="&amp;",c+=b(v),c+="=",c+=b(d[v]);c=c+"&amp;emsg="+b(a.name+": "+a.message);c=c+"&amp;jsst="+b(a.stack||"N/A");c.length&gt;=12288&amp;&amp;(c=c.substring(0,12288));a=c;n||google.log(0,"",a);return a};window.onerror=function(a,b,d,n,e){u!==a&amp;&amp;(a=e instanceof Error?e:Error(a),d===void 0||"lineNumber"in a||(a.lineNumber=d),b===void 0||"fileName"in a||(a.fileName=b),google.ml(a,!1,void 0,!1,a.name==="SyntaxError"||a.message.substring(0,11)==="SyntaxError"||a.message.indexOf("Script error")!==-1?3:p));u=null;r&amp;&amp;t&gt;=l&amp;&amp;(window.onerror=null)};})();&lt;/script&gt;&lt;/head&gt;&lt;body bgcolor="#fff"&gt;&lt;script nonce="fo17yzy4WG-ndIzB4wgfWQ"&gt;(function(){var src='/images/nav_logo229.png';var iesg=false;document.body.onload = function(){window.n &amp;&amp; window.n();if (document.images){new Image().src=src;}
if (!iesg){document.f&amp;&amp;document.f.q.focus();document.gbqf&amp;&amp;document.gbqf.q.focus();}
}
})();&lt;/script&gt;&lt;div id="mngb"&gt;&lt;div id=gbar&gt;&lt;nobr&gt;&lt;b class=gb1&gt;Search&lt;/b&gt; &lt;a class=gb1 href="https://www.google.com/imghp?hl=en&amp;tab=wi"&gt;Images&lt;/a&gt; &lt;a class=gb1 href="https://maps.google.com/maps?hl=en&amp;tab=wl"&gt;Maps&lt;/a&gt; &lt;a class=gb1 href="https://play.google.com/?hl=en&amp;tab=w8"&gt;Play&lt;/a&gt; &lt;a class=gb1 href="https://www.youtube.com/?tab=w1"&gt;YouTube&lt;/a&gt; &lt;a class=gb1 href="https://news.google.com/?tab=wn"&gt;News&lt;/a&gt; &lt;a class=gb1 href="https://mail.google.com/mail/?tab=wm"&gt;Gmail&lt;/a&gt; &lt;a class=gb1 href="https://drive.google.com/?tab=wo"&gt;Drive&lt;/a&gt; &lt;a class=gb1 style="text-decoration:none" href="https://www.google.com/intl/en/about/products?tab=wh"&gt;&lt;u&gt;More&lt;/u&gt; &amp;raquo;&lt;/a&gt;&lt;/nobr&gt;&lt;/div&gt;&lt;div id=guser width=100%&gt;&lt;nobr&gt;&lt;span id=gbn class=gbi&gt;&lt;/span&gt;&lt;span id=gbf class=gbf&gt;&lt;/span&gt;&lt;span id=gbe&gt;&lt;/span&gt;&lt;a href="http://www.google.com/history/optout?hl=en" class=gb4&gt;Web History&lt;/a&gt; | &lt;a  href="/preferences?hl=en" class=gb4&gt;Settings&lt;/a&gt; | &lt;a target=_top id=gb_70 href="https://accounts.google.com/ServiceLogin?hl=en&amp;passive=true&amp;continue=https://www.google.com/&amp;ec=GAZAAQ" class=gb4&gt;Sign in&lt;/a&gt;&lt;/nobr&gt;&lt;/div&gt;&lt;div class=gbh style=left:0&gt;&lt;/div&gt;&lt;div class=gbh style=right:0&gt;&lt;/div&gt;&lt;/div&gt;&lt;center&gt;&lt;br clear="all" id="lgpd"&gt;&lt;div id="XjhHGf"&gt;&lt;img alt="Google" height="92" src="/images/branding/googlelogo/1x/googlelogo_white_background_color_272x92dp.png" style="padding:28px 0 14px" width="272" id="hplogo"&gt;&lt;br&gt;&lt;br&gt;&lt;/div&gt;&lt;form action="/search" name="f"&gt;&lt;table cellpadding="0" cellspacing="0"&gt;&lt;tr valign="top"&gt;&lt;td width="25%"&gt;&amp;nbsp;&lt;/td&gt;&lt;td align="center" nowrap=""&gt;&lt;input name="ie" value="ISO-8859-1" type="hidden"&gt;&lt;input value="en" name="hl" type="hidden"&gt;&lt;input name="source" type="hidden" value="hp"&gt;&lt;input name="biw" type="hidden"&gt;&lt;input name="bih" type="hidden"&gt;&lt;div class="ds" style="height:32px;margin:4px 0"&gt;&lt;input class="lst" s... (set the log level to DEBUG or TRACE to see the full content) 
 </msg>
<arg>https://www.google.com</arg>
<doc>Sends a GET request.</doc>
<status status="PASS" start="2025-07-31T18:26:27.575963" elapsed="0.055563"/>
</kw>
<kw name="Status Should Be" owner="RequestsLibrary">
<arg>ok</arg>
<doc>Fails if response status code is different than the expected.</doc>
<status status="PASS" start="2025-07-31T18:26:27.631721" elapsed="0.000129"/>
</kw>
<kw name="None Shall Pass" owner="Easter">
<msg time="2025-07-31T18:26:27.632159" level="FAIL">None shall pass!</msg>
<arg>🐲</arg>
<status status="FAIL" start="2025-07-31T18:26:27.631993" elapsed="0.000339">None shall pass!</status>
</kw>
<status status="FAIL" start="2025-07-31T18:26:27.575557" elapsed="0.056990">None shall pass!</status>
</test>
<status status="FAIL" start="2025-07-31T18:26:27.494950" elapsed="0.137962"/>
</suite>
<status status="FAIL" start="2025-07-31T18:26:25.832311" elapsed="1.801095"/>
</suite>
<statistics>
<total>
<stat pass="1" fail="1" skip="0">All Tests</stat>
</total>
<tag>
</tag>
<suite>
<stat name="Tests" id="s1" pass="1" fail="1" skip="0">Tests</stat>
<stat name="BrowserTest" id="s1-s1" pass="1" fail="0" skip="0">Tests.BrowserTest</stat>
<stat name="RequestsTest" id="s1-s2" pass="0" fail="1" skip="0">Tests.RequestsTest</stat>
</suite>
</statistics>
<errors>
</errors>
</robot>
